Using pre-set license
Built from '2020.3/staging' branch; Version is '2020.3.28f1 (f5400f52e03f) revision 16072719'; Using compiler version '192528614'; Build Type 'Release'
OS: 'Windows 11  (10.0.22000) 64bit Professional' Language: 'en' Physical Memory: 8101 MB
BatchMode: 1, IsHumanControllingUs: 0, StartBugReporterOnCrash: 0, Is64bit: 1, IsPro: 0

COMMAND LINE ARGUMENTS:
C:\Program Files\Unity\Hub\Editor\2020.3.28f1\Editor\Unity.exe
-adb2
-batchMode
-noUpm
-name
AssetImportWorker0
-projectPath
C:/Users/Vinayak/Documents/GitHub/GameDev_Vinayak/Assignment Clock
-logFile
Logs/AssetImportWorker0.log
-srvPort
60332
Successfully changed project path to: C:/Users/Vinayak/Documents/GitHub/GameDev_Vinayak/Assignment Clock
C:/Users/Vinayak/Documents/GitHub/GameDev_Vinayak/Assignment Clock
Using Asset Import Pipeline V2.
Refreshing native plugins compatible for Editor in 77.63 ms, found 2 plugins.
Preloading 0 native plugins for Editor in 0.00 ms.
Initialize engine version: 2020.3.28f1 (f5400f52e03f)
[Subsystems] Discovering subsystems at path C:/Program Files/Unity/Hub/Editor/2020.3.28f1/Editor/Data/Resources/UnitySubsystems
[Subsystems] Discovering subsystems at path C:/Users/Vinayak/Documents/GitHub/GameDev_Vinayak/Assignment Clock/Assets
GfxDevice: creating device client; threaded=0
Direct3D:
    Version:  Direct3D 11.0 [level 11.1]
    Renderer: NVIDIA GeForce MX150 (ID=0x1d10)
    Vendor:   
    VRAM:     1983 MB
    Driver:   30.0.15.1165
Initialize mono
Mono path[0] = 'C:/Program Files/Unity/Hub/Editor/2020.3.28f1/Editor/Data/Managed'
Mono path[1] = 'C:/Program Files/Unity/Hub/Editor/2020.3.28f1/Editor/Data/MonoBleedingEdge/lib/mono/unityjit'
Mono config path = 'C:/Program Files/Unity/Hub/Editor/2020.3.28f1/Editor/Data/MonoBleedingEdge/etc'
Using monoOptions --debugger-agent=transport=dt_socket,embedding=1,server=y,suspend=n,address=127.0.0.1:56568
Begin MonoManager ReloadAssembly
Registering precompiled unity dll's ...
Register platform support module: C:/Program Files/Unity/Hub/Editor/2020.3.28f1/Editor/Data/PlaybackEngines/WindowsStandaloneSupport/UnityEditor.WindowsStandalone.Extensions.dll
Registered in 0.003519 seconds.
Native extension for WindowsStandalone target not found
Refreshing native plugins compatible for Editor in 75.70 ms, found 2 plugins.
Preloading 0 native plugins for Editor in 0.00 ms.
Mono: successfully reloaded assembly
- Completed reload, in  1.364 seconds
Domain Reload Profiling:
	ReloadAssembly (1364ms)
		BeginReloadAssembly (141ms)
			ExecutionOrderSort (0ms)
			DisableScriptedObjects (0ms)
			BackupInstance (0ms)
			ReleaseScriptingObjects (0ms)
			CreateAndSetChildDomain (2ms)
		EndReloadAssembly (1059ms)
			LoadAssemblies (137ms)
			RebuildTransferFunctionScriptingTraits (0ms)
			SetupTypeCache (354ms)
			ReleaseScriptCaches (0ms)
			RebuildScriptCaches (78ms)
			SetupLoadedEditorAssemblies (384ms)
				LogAssemblyErrors (0ms)
				InitializePlatformSupportModulesInManaged (9ms)
				SetLoadedEditorAssemblies (1ms)
				RefreshPlugins (76ms)
				BeforeProcessingInitializeOnLoad (32ms)
				ProcessInitializeOnLoadAttributes (198ms)
				ProcessInitializeOnLoadMethodAttributes (68ms)
				AfterProcessingInitializeOnLoad (0ms)
				EditorAssembliesLoaded (0ms)
			ExecutionOrderSort2 (0ms)
			AwakeInstancesAfterBackupRestoration (0ms)
Platform modules already initialized, skipping
Registering precompiled user dll's ...
Registered in 0.008903 seconds.
Begin MonoManager ReloadAssembly
Native extension for WindowsStandalone target not found
Refreshing native plugins compatible for Editor in 0.65 ms, found 2 plugins.
Preloading 0 native plugins for Editor in 0.00 ms.
Mono: successfully reloaded assembly
- Completed reload, in  2.349 seconds
Domain Reload Profiling:
	ReloadAssembly (2350ms)
		BeginReloadAssembly (350ms)
			ExecutionOrderSort (0ms)
			DisableScriptedObjects (11ms)
			BackupInstance (0ms)
			ReleaseScriptingObjects (0ms)
			CreateAndSetChildDomain (41ms)
		EndReloadAssembly (1866ms)
			LoadAssemblies (203ms)
			RebuildTransferFunctionScriptingTraits (0ms)
			SetupTypeCache (649ms)
			ReleaseScriptCaches (1ms)
			RebuildScriptCaches (106ms)
			SetupLoadedEditorAssemblies (700ms)
				LogAssemblyErrors (0ms)
				InitializePlatformSupportModulesInManaged (10ms)
				SetLoadedEditorAssemblies (1ms)
				RefreshPlugins (1ms)
				BeforeProcessingInitializeOnLoad (204ms)
				ProcessInitializeOnLoadAttributes (448ms)
				ProcessInitializeOnLoadMethodAttributes (22ms)
				AfterProcessingInitializeOnLoad (13ms)
				EditorAssembliesLoaded (1ms)
			ExecutionOrderSort2 (0ms)
			AwakeInstancesAfterBackupRestoration (15ms)
Platform modules already initialized, skipping
========================================================================
Worker process is ready to serve import requests
Launched and connected shader compiler UnityShaderCompiler.exe after 0.15 seconds
Refreshing native plugins compatible for Editor in 0.62 ms, found 2 plugins.
Preloading 0 native plugins for Editor in 0.00 ms.
Unloading 1503 Unused Serialized files (Serialized files now loaded: 0)
System memory in use before: 67.5 MB.
System memory in use after: 67.6 MB.

Unloading 19 unused Assets to reduce memory usage. Loaded Objects now: 1934.
Total: 6.323600 ms (FindLiveObjects: 0.233300 ms CreateObjectMapping: 0.128800 ms MarkObjects: 5.820900 ms  DeleteObjects: 0.138300 ms)

AssetImportParameters requested are different than current active one (requested -> active):
  custom:framework-win-MediaFoundation: 216162199b28c13a410421893ffa2e32 -> 
  custom:video-decoder-ogg-theora: a1e56fd34408186e4bbccfd4996cb3dc -> 
  custom:container-muxer-webm: aa71ff27fc2769a1b78a27578f13a17b -> 
  custom:container-demuxer-webm: 4f35f7cbe854078d1ac9338744f61a02 -> 
  custom:container-demuxer-ogg: 62fdf1f143b41e24485cea50d1cbac27 -> 
  custom:video-encoder-webm-vp8: eb34c28f22e8b96e1ab97ce403110664 -> 
  custom:video-decoder-webm-vp8: 9c59270c3fd7afecdb556c50c9e8de78 -> 
  custom:audio-decoder-ogg-vorbis: bf7c407c2cedff20999df2af8eb42d56 -> 
  custom:audio-encoder-webm-vorbis: bf7c407c2cedff20999df2af8eb42d56 -> 
========================================================================
Received Import Request.
  path: Assets/pngfind.com-numbers-png-444449.png
  artifactKey: Guid(c140f09286b7e5240a2ef1b44e810d0f) Importer(815301076,1909f56bfc062723c751e8b465ee728b)
Start importing Assets/pngfind.com-numbers-png-444449.png using Guid(c140f09286b7e5240a2ef1b44e810d0f) Importer(815301076,1909f56bfc062723c751e8b465ee728b)  -> (artifact id: '50192747dd1a4350574e68580cbdac84') in 0.299212 seconds 
  Import took 0.304324 seconds .

========================================================================
Received Import Request.
  Time since last request: 0.000604 seconds.
  path: Assets/Clock Shell.png
  artifactKey: Guid(6dad1ba0c2441f7458def8dce925a073) Importer(815301076,1909f56bfc062723c751e8b465ee728b)
Start importing Assets/Clock Shell.png using Guid(6dad1ba0c2441f7458def8dce925a073) Importer(815301076,1909f56bfc062723c751e8b465ee728b)  -> (artifact id: '43987015764c52b148fffb385de08569') in 0.035511 seconds 
  Import took 0.041451 seconds .

========================================================================
Received Import Request.
  Time since last request: 248.738681 seconds.
  path: Assets/2-2-2-number-png.png
  artifactKey: Guid(1c2d7822528fe6446aabe1da4133cf80) Importer(815301076,1909f56bfc062723c751e8b465ee728b)
Start importing Assets/2-2-2-number-png.png using Guid(1c2d7822528fe6446aabe1da4133cf80) Importer(815301076,1909f56bfc062723c751e8b465ee728b)  -> (artifact id: 'd4773618347fd6d80e1ac98ed5fa2290') in 0.043679 seconds 
  Import took 0.054095 seconds .

========================================================================
Received Import Request.
  Time since last request: 189.133854 seconds.
  path: Assets/1-2-4-number-png.png
  artifactKey: Guid(a40844233ddfafe4e88ee788c15999d9) Importer(815301076,1909f56bfc062723c751e8b465ee728b)
Start importing Assets/1-2-4-number-png.png using Guid(a40844233ddfafe4e88ee788c15999d9) Importer(815301076,1909f56bfc062723c751e8b465ee728b)  -> (artifact id: '76ace9f374ca3b40e5b896ca9e5e71da') in 0.081387 seconds 
  Import took 0.087561 seconds .

========================================================================
Received Import Request.
  Time since last request: 0.000568 seconds.
  path: Assets/kindpng_4444184.png
  artifactKey: Guid(e16025212594fb645b06d0394e42ea03) Importer(815301076,1909f56bfc062723c751e8b465ee728b)
Start importing Assets/kindpng_4444184.png using Guid(e16025212594fb645b06d0394e42ea03) Importer(815301076,1909f56bfc062723c751e8b465ee728b)  -> (artifact id: 'bbb2f09eec558b717500de5d1d8ccd03') in 0.032439 seconds 
  Import took 0.036907 seconds .

========================================================================
Received Import Request.
  Time since last request: 0.000562 seconds.
  path: Assets/6-2-8-number-png.png
  artifactKey: Guid(0665ab60feead4845a5ae63e28103beb) Importer(815301076,1909f56bfc062723c751e8b465ee728b)
Start importing Assets/6-2-8-number-png.png using Guid(0665ab60feead4845a5ae63e28103beb) Importer(815301076,1909f56bfc062723c751e8b465ee728b)  -> (artifact id: '85bf6b59ebe923f039f5488c8266322b') in 0.065059 seconds 
  Import took 0.071373 seconds .

========================================================================
Received Import Request.
  Time since last request: 0.000489 seconds.
  path: Assets/3-2-9-number-png.png
  artifactKey: Guid(dd3652a0948595342b336ba67b3628c0) Importer(815301076,1909f56bfc062723c751e8b465ee728b)
Start importing Assets/3-2-9-number-png.png using Guid(dd3652a0948595342b336ba67b3628c0) Importer(815301076,1909f56bfc062723c751e8b465ee728b)  -> (artifact id: 'd493518ad1d944ad3c1ca8c6b91b8848') in 0.062012 seconds 
  Import took 0.067060 seconds .

========================================================================
Received Import Request.
  Time since last request: 0.000508 seconds.
  path: Assets/8-2-6-number-png.png
  artifactKey: Guid(d52bb387e1cb5c1408a57c9cad3ab1bf) Importer(815301076,1909f56bfc062723c751e8b465ee728b)
Start importing Assets/8-2-6-number-png.png using Guid(d52bb387e1cb5c1408a57c9cad3ab1bf) Importer(815301076,1909f56bfc062723c751e8b465ee728b)  -> (artifact id: '00006ab65384baec01ec2ac6df92eae2') in 0.060929 seconds 
  Import took 0.066043 seconds .

========================================================================
Received Import Request.
  Time since last request: 0.000614 seconds.
  path: Assets/11-2-5-number-png.png
  artifactKey: Guid(3e1b8b0ff33c9844686b6494bc9b0c79) Importer(815301076,1909f56bfc062723c751e8b465ee728b)
Start importing Assets/11-2-5-number-png.png using Guid(3e1b8b0ff33c9844686b6494bc9b0c79) Importer(815301076,1909f56bfc062723c751e8b465ee728b)  -> (artifact id: '5c31bd405f78efab005290eb3a9fcdde') in 0.063464 seconds 
  Import took 0.068762 seconds .

========================================================================
Received Import Request.
  Time since last request: 0.000552 seconds.
  path: Assets/9-2-0-number-png.png
  artifactKey: Guid(c3217d59c1ada634d96fee3b4396ee81) Importer(815301076,1909f56bfc062723c751e8b465ee728b)
Start importing Assets/9-2-0-number-png.png using Guid(c3217d59c1ada634d96fee3b4396ee81) Importer(815301076,1909f56bfc062723c751e8b465ee728b)  -> (artifact id: 'ccdca6c240337c2767a5ab552d541253') in 0.028945 seconds 
  Import took 0.034311 seconds .

========================================================================
Received Import Request.
  Time since last request: 0.000552 seconds.
  path: Assets/7-2-1-number-png.png
  artifactKey: Guid(038d0f30927100347aded0b1ccf90619) Importer(815301076,1909f56bfc062723c751e8b465ee728b)
Start importing Assets/7-2-1-number-png.png using Guid(038d0f30927100347aded0b1ccf90619) Importer(815301076,1909f56bfc062723c751e8b465ee728b)  -> (artifact id: '396cc0f2375a8ed0b7e7ec5fd64421a9') in 0.034938 seconds 
  Import took 0.040285 seconds .

========================================================================
Received Import Request.
  Time since last request: 0.000566 seconds.
  path: Assets/5-2-3-number-png.png
  artifactKey: Guid(c741af72ef4cc024ea608f168dfb482c) Importer(815301076,1909f56bfc062723c751e8b465ee728b)
Start importing Assets/5-2-3-number-png.png using Guid(c741af72ef4cc024ea608f168dfb482c) Importer(815301076,1909f56bfc062723c751e8b465ee728b)  -> (artifact id: '92a636c4d82925dfbdba8fcfd847b08c') in 0.072400 seconds 
  Import took 0.079546 seconds .

========================================================================
Received Import Request.
  Time since last request: 0.000525 seconds.
  path: Assets/4-2-7-number-png.png
  artifactKey: Guid(3d0641cb5ec2d7b4eb0c277111465fe5) Importer(815301076,1909f56bfc062723c751e8b465ee728b)
Start importing Assets/4-2-7-number-png.png using Guid(3d0641cb5ec2d7b4eb0c277111465fe5) Importer(815301076,1909f56bfc062723c751e8b465ee728b)  -> (artifact id: '1d1d502ee4b612cdf2906e799b2338bc') in 0.057905 seconds 
  Import took 0.062664 seconds .

AssetImportWorkerClient::OnTransportError - code=2 error=End of file
