Using pre-set license
Built from '2020.3/staging' branch; Version is '2020.3.28f1 (f5400f52e03f) revision 16072719'; Using compiler version '192528614'; Build Type 'Release'
OS: 'Windows 11  (10.0.22000) 64bit Professional' Language: 'en' Physical Memory: 8101 MB
BatchMode: 1, IsHumanControllingUs: 0, StartBugReporterOnCrash: 0, Is64bit: 1, IsPro: 0

COMMAND LINE ARGUMENTS:
C:\Program Files\Unity\Hub\Editor\2020.3.28f1\Editor\Unity.exe
-adb2
-batchMode
-noUpm
-name
AssetImportWorker0
-projectPath
C:/Users/Vinayak/Documents/GitHub/GameDev_Vinayak/3DCabinAssignment
-logFile
Logs/AssetImportWorker0.log
-srvPort
50594
Successfully changed project path to: C:/Users/Vinayak/Documents/GitHub/GameDev_Vinayak/3DCabinAssignment
C:/Users/Vinayak/Documents/GitHub/GameDev_Vinayak/3DCabinAssignment
Using Asset Import Pipeline V2.
Refreshing native plugins compatible for Editor in 38.95 ms, found 2 plugins.
Preloading 0 native plugins for Editor in 0.00 ms.
Initialize engine version: 2020.3.28f1 (f5400f52e03f)
[Subsystems] Discovering subsystems at path C:/Program Files/Unity/Hub/Editor/2020.3.28f1/Editor/Data/Resources/UnitySubsystems
[Subsystems] Discovering subsystems at path C:/Users/Vinayak/Documents/GitHub/GameDev_Vinayak/3DCabinAssignment/Assets
GfxDevice: creating device client; threaded=0
Direct3D:
    Version:  Direct3D 11.0 [level 11.1]
    Renderer: NVIDIA GeForce MX150 (ID=0x1d10)
    Vendor:   
    VRAM:     1983 MB
    Driver:   30.0.15.1165
Initialize mono
Mono path[0] = 'C:/Program Files/Unity/Hub/Editor/2020.3.28f1/Editor/Data/Managed'
Mono path[1] = 'C:/Program Files/Unity/Hub/Editor/2020.3.28f1/Editor/Data/MonoBleedingEdge/lib/mono/unityjit'
Mono config path = 'C:/Program Files/Unity/Hub/Editor/2020.3.28f1/Editor/Data/MonoBleedingEdge/etc'
Using monoOptions --debugger-agent=transport=dt_socket,embedding=1,server=y,suspend=n,address=127.0.0.1:56076
Begin MonoManager ReloadAssembly
Registering precompiled unity dll's ...
Register platform support module: C:/Program Files/Unity/Hub/Editor/2020.3.28f1/Editor/Data/PlaybackEngines/WebGLSupport/UnityEditor.WebGL.Extensions.dll
Register platform support module: C:/Program Files/Unity/Hub/Editor/2020.3.28f1/Editor/Data/PlaybackEngines/WindowsStandaloneSupport/UnityEditor.WindowsStandalone.Extensions.dll
Registered in 0.001938 seconds.
Native extension for WindowsStandalone target not found
Native extension for WebGL target not found
Refreshing native plugins compatible for Editor in 33.59 ms, found 2 plugins.
Preloading 0 native plugins for Editor in 0.00 ms.
Mono: successfully reloaded assembly
- Completed reload, in  0.678 seconds
Domain Reload Profiling:
	ReloadAssembly (678ms)
		BeginReloadAssembly (69ms)
			ExecutionOrderSort (0ms)
			DisableScriptedObjects (0ms)
			BackupInstance (0ms)
			ReleaseScriptingObjects (0ms)
			CreateAndSetChildDomain (1ms)
		EndReloadAssembly (524ms)
			LoadAssemblies (68ms)
			RebuildTransferFunctionScriptingTraits (0ms)
			SetupTypeCache (167ms)
			ReleaseScriptCaches (0ms)
			RebuildScriptCaches (47ms)
			SetupLoadedEditorAssemblies (190ms)
				LogAssemblyErrors (0ms)
				InitializePlatformSupportModulesInManaged (6ms)
				SetLoadedEditorAssemblies (1ms)
				RefreshPlugins (34ms)
				BeforeProcessingInitializeOnLoad (16ms)
				ProcessInitializeOnLoadAttributes (101ms)
				ProcessInitializeOnLoadMethodAttributes (33ms)
				AfterProcessingInitializeOnLoad (0ms)
				EditorAssembliesLoaded (0ms)
			ExecutionOrderSort2 (0ms)
			AwakeInstancesAfterBackupRestoration (0ms)
Platform modules already initialized, skipping
Registering precompiled user dll's ...
Registered in 0.004502 seconds.
Begin MonoManager ReloadAssembly
Native extension for WindowsStandalone target not found
Native extension for WebGL target not found
Refreshing native plugins compatible for Editor in 0.66 ms, found 2 plugins.
Preloading 0 native plugins for Editor in 0.00 ms.
Mono: successfully reloaded assembly
- Completed reload, in  1.966 seconds
Domain Reload Profiling:
	ReloadAssembly (1968ms)
		BeginReloadAssembly (172ms)
			ExecutionOrderSort (0ms)
			DisableScriptedObjects (6ms)
			BackupInstance (0ms)
			ReleaseScriptingObjects (0ms)
			CreateAndSetChildDomain (24ms)
		EndReloadAssembly (1726ms)
			LoadAssemblies (104ms)
			RebuildTransferFunctionScriptingTraits (0ms)
			SetupTypeCache (338ms)
			ReleaseScriptCaches (1ms)
			RebuildScriptCaches (129ms)
			SetupLoadedEditorAssemblies (854ms)
				LogAssemblyErrors (0ms)
				InitializePlatformSupportModulesInManaged (16ms)
				SetLoadedEditorAssemblies (1ms)
				RefreshPlugins (1ms)
				BeforeProcessingInitializeOnLoad (259ms)
				ProcessInitializeOnLoadAttributes (542ms)
				ProcessInitializeOnLoadMethodAttributes (24ms)
				AfterProcessingInitializeOnLoad (10ms)
				EditorAssembliesLoaded (1ms)
			ExecutionOrderSort2 (0ms)
			AwakeInstancesAfterBackupRestoration (18ms)
Platform modules already initialized, skipping
========================================================================
Worker process is ready to serve import requests
Launched and connected shader compiler UnityShaderCompiler.exe after 0.17 seconds
Refreshing native plugins compatible for Editor in 0.69 ms, found 2 plugins.
Preloading 0 native plugins for Editor in 0.00 ms.
Unloading 1502 Unused Serialized files (Serialized files now loaded: 0)
System memory in use before: 68.6 MB.
System memory in use after: 68.7 MB.

Unloading 19 unused Assets to reduce memory usage. Loaded Objects now: 1934.
Total: 6.395600 ms (FindLiveObjects: 0.247200 ms CreateObjectMapping: 0.110500 ms MarkObjects: 5.857500 ms  DeleteObjects: 0.177700 ms)

AssetImportParameters requested are different than current active one (requested -> active):
  custom:framework-win-MediaFoundation: 216162199b28c13a410421893ffa2e32 -> 
  custom:video-decoder-ogg-theora: a1e56fd34408186e4bbccfd4996cb3dc -> 
  custom:container-muxer-webm: aa71ff27fc2769a1b78a27578f13a17b -> 
  custom:container-demuxer-webm: 4f35f7cbe854078d1ac9338744f61a02 -> 
  custom:container-demuxer-ogg: 62fdf1f143b41e24485cea50d1cbac27 -> 
  custom:video-encoder-webm-vp8: eb34c28f22e8b96e1ab97ce403110664 -> 
  custom:video-decoder-webm-vp8: 9c59270c3fd7afecdb556c50c9e8de78 -> 
  custom:audio-decoder-ogg-vorbis: bf7c407c2cedff20999df2af8eb42d56 -> 
  custom:audio-encoder-webm-vorbis: bf7c407c2cedff20999df2af8eb42d56 -> 
========================================================================
Received Import Request.
  path: Assets/textures
  artifactKey: Guid(22e135c7d9c1e8f488ca4c4a62d9f66d) Importer(815301076,1909f56bfc062723c751e8b465ee728b)
Start importing Assets/textures using Guid(22e135c7d9c1e8f488ca4c4a62d9f66d) Importer(815301076,1909f56bfc062723c751e8b465ee728b)  -> (artifact id: '81a3dc4776b02dbb4f9f684f8536e8f1') in 0.016385 seconds 
  Import took 0.021310 seconds .

========================================================================
Received Import Request.
  Time since last request: 5.434053 seconds.
  path: Assets/source
  artifactKey: Guid(6973c11c15fb4694385a38cb8a0e01db) Importer(815301076,1909f56bfc062723c751e8b465ee728b)
Start importing Assets/source using Guid(6973c11c15fb4694385a38cb8a0e01db) Importer(815301076,1909f56bfc062723c751e8b465ee728b)  -> (artifact id: '6e10cc93bcf388b534df053641ad27be') in 0.009491 seconds 
  Import took 0.012420 seconds .

========================================================================
Received Import Request.
  Time since last request: 3.042448 seconds.
  path: Assets/source/sketchfab cabin
  artifactKey: Guid(0ddfca934707c144c84d737980534255) Importer(815301076,1909f56bfc062723c751e8b465ee728b)
Start importing Assets/source/sketchfab cabin using Guid(0ddfca934707c144c84d737980534255) Importer(815301076,1909f56bfc062723c751e8b465ee728b)  -> (artifact id: '9e7adc31b92d58d0fa6548d522eaed3a') in 0.007907 seconds 
  Import took 0.010760 seconds .

========================================================================
Received Import Request.
  Time since last request: 0.915868 seconds.
  path: Assets/source/sketchfab cabin/cabin.obj
  artifactKey: Guid(3b2a01b2171ae524fa4563b251f5f413) Importer(815301076,1909f56bfc062723c751e8b465ee728b)
Start importing Assets/source/sketchfab cabin/cabin.obj using Guid(3b2a01b2171ae524fa4563b251f5f413) Importer(815301076,1909f56bfc062723c751e8b465ee728b)  -> (artifact id: '2459b6d02ba67f779c72039ad675d05d') in 0.852205 seconds 
  Import took 0.856883 seconds .

========================================================================
Received Import Request.
  Time since last request: 0.000367 seconds.
  path: Assets/source/sketchfab cabin/TexturesCom_ConcretewPebbles_1x1_512_height.tif
  artifactKey: Guid(66afd032fbc4fd24eb7020f5dea6a04a) Importer(815301076,1909f56bfc062723c751e8b465ee728b)
Start importing Assets/source/sketchfab cabin/TexturesCom_ConcretewPebbles_1x1_512_height.tif using Guid(66afd032fbc4fd24eb7020f5dea6a04a) Importer(815301076,1909f56bfc062723c751e8b465ee728b)  -> (artifact id: 'f845d4189a0b62ff73719845b388c0e7') in 0.025598 seconds 
  Import took 0.028377 seconds .

========================================================================
Received Import Request.
  Time since last request: 0.000375 seconds.
  path: Assets/source/sketchfab cabin/Mossy_bark_02_4K_Roughness.png
  artifactKey: Guid(36faf1b2ef23b45428678dba93ae1cba) Importer(815301076,1909f56bfc062723c751e8b465ee728b)
Start importing Assets/source/sketchfab cabin/Mossy_bark_02_4K_Roughness.png using Guid(36faf1b2ef23b45428678dba93ae1cba) Importer(815301076,1909f56bfc062723c751e8b465ee728b)  -> (artifact id: '579b0be54c5dbaa32af056745c4f4574') in 0.018905 seconds 
  Import took 0.022164 seconds .

========================================================================
Received Import Request.
  Time since last request: 0.000356 seconds.
  path: Assets/source/sketchfab cabin/sfknaeoa_4K_Albedo.jpg
  artifactKey: Guid(04aaf2aad01898c47b8a725ec24d0ab6) Importer(815301076,1909f56bfc062723c751e8b465ee728b)
Start importing Assets/source/sketchfab cabin/sfknaeoa_4K_Albedo.jpg using Guid(04aaf2aad01898c47b8a725ec24d0ab6) Importer(815301076,1909f56bfc062723c751e8b465ee728b)  -> (artifact id: '0d866ab17d22f7c92f9b645e505fb64e') in 0.015909 seconds 
  Import took 0.018784 seconds .

========================================================================
Received Import Request.
  Time since last request: 0.000365 seconds.
  path: Assets/source/sketchfab cabin/Mossy_bark_02_4K_Height.png
  artifactKey: Guid(39e8689d6cf146b409d6f7e43787a9cd) Importer(815301076,1909f56bfc062723c751e8b465ee728b)
Start importing Assets/source/sketchfab cabin/Mossy_bark_02_4K_Height.png using Guid(39e8689d6cf146b409d6f7e43787a9cd) Importer(815301076,1909f56bfc062723c751e8b465ee728b)  -> (artifact id: '1cbc182517d56db2cf5fe6da3725811f') in 0.013078 seconds 
  Import took 0.015834 seconds .

========================================================================
Received Import Request.
  Time since last request: 0.000362 seconds.
  path: Assets/source/sketchfab cabin/TexturesCom_OldBeams_3x3_8K_height.png
  artifactKey: Guid(2cb3cf6a941af8d4f88487635deaf784) Importer(815301076,1909f56bfc062723c751e8b465ee728b)
Start importing Assets/source/sketchfab cabin/TexturesCom_OldBeams_3x3_8K_height.png using Guid(2cb3cf6a941af8d4f88487635deaf784) Importer(815301076,1909f56bfc062723c751e8b465ee728b)  -> (artifact id: '491e487fdd92eae3d63b86ae416cf0eb') in 0.014605 seconds 
  Import took 0.017514 seconds .

========================================================================
Received Import Request.
  Time since last request: 0.000280 seconds.
  path: Assets/source/sketchfab cabin/galvanized steel.001_roughness.png
  artifactKey: Guid(8e685e69541f5bf418764e0edc5d7b25) Importer(815301076,1909f56bfc062723c751e8b465ee728b)
Start importing Assets/source/sketchfab cabin/galvanized steel.001_roughness.png using Guid(8e685e69541f5bf418764e0edc5d7b25) Importer(815301076,1909f56bfc062723c751e8b465ee728b)  -> (artifact id: 'fb2caa26e6801f734fbd635ea81decb3') in 0.014364 seconds 
  Import took 0.017503 seconds .

========================================================================
Received Import Request.
  Time since last request: 0.000354 seconds.
  path: Assets/source/sketchfab cabin/se4rwei_4K_Normal.jpg
  artifactKey: Guid(b26f26be485836243b7f49c86c27d7f4) Importer(815301076,1909f56bfc062723c751e8b465ee728b)
Start importing Assets/source/sketchfab cabin/se4rwei_4K_Normal.jpg using Guid(b26f26be485836243b7f49c86c27d7f4) Importer(815301076,1909f56bfc062723c751e8b465ee728b)  -> (artifact id: '579a3eca1324aa3455dbbb0f600e5730') in 0.013129 seconds 
  Import took 0.016366 seconds .

========================================================================
Received Import Request.
  Time since last request: 0.000292 seconds.
  path: Assets/source/sketchfab cabin/TexturesCom_OldPlanks_2x2_1K_roughness.tif
  artifactKey: Guid(4b73bfdfc28c78e4882812c8a3b08ad3) Importer(815301076,1909f56bfc062723c751e8b465ee728b)
Start importing Assets/source/sketchfab cabin/TexturesCom_OldPlanks_2x2_1K_roughness.tif using Guid(4b73bfdfc28c78e4882812c8a3b08ad3) Importer(815301076,1909f56bfc062723c751e8b465ee728b)  -> (artifact id: 'dbc7e33f0d36f64fc69af0af4345c36b') in 0.012891 seconds 
  Import took 0.015683 seconds .

========================================================================
Received Import Request.
  Time since last request: 0.000301 seconds.
  path: Assets/source/sketchfab cabin/TexturesCom_ConcretewPebbles_1x1_512_albedo.tif
  artifactKey: Guid(6c33bd15914989d48bfea43b8fe61b1d) Importer(815301076,1909f56bfc062723c751e8b465ee728b)
Start importing Assets/source/sketchfab cabin/TexturesCom_ConcretewPebbles_1x1_512_albedo.tif using Guid(6c33bd15914989d48bfea43b8fe61b1d) Importer(815301076,1909f56bfc062723c751e8b465ee728b)  -> (artifact id: '3e9d7ae362a182605fecb1413aaff74c') in 0.013800 seconds 
  Import took 0.017075 seconds .

========================================================================
Received Import Request.
  Time since last request: 0.000274 seconds.
  path: Assets/source/sketchfab cabin/TexturesCom_ConcretewPebbles_1x1_512_roughness.tif
  artifactKey: Guid(fad2c433cb7f5d642a6fb6b510874b04) Importer(815301076,1909f56bfc062723c751e8b465ee728b)
Start importing Assets/source/sketchfab cabin/TexturesCom_ConcretewPebbles_1x1_512_roughness.tif using Guid(fad2c433cb7f5d642a6fb6b510874b04) Importer(815301076,1909f56bfc062723c751e8b465ee728b)  -> (artifact id: 'ffb864cb5dc294f5ae67f4be418967e2') in 0.012957 seconds 
  Import took 0.016071 seconds .

========================================================================
Received Import Request.
  Time since last request: 0.000322 seconds.
  path: Assets/source/sketchfab cabin/TexturesCom_OldPlanks2_2x2_2K_albedo.tif
  artifactKey: Guid(cea8a2b101840df44a52fb75b1332fe1) Importer(815301076,1909f56bfc062723c751e8b465ee728b)
Start importing Assets/source/sketchfab cabin/TexturesCom_OldPlanks2_2x2_2K_albedo.tif using Guid(cea8a2b101840df44a52fb75b1332fe1) Importer(815301076,1909f56bfc062723c751e8b465ee728b)  -> (artifact id: '6e901ff1aff671a1ff441fb850aefa1e') in 0.013018 seconds 
  Import took 0.016721 seconds .

========================================================================
Received Import Request.
  Time since last request: 0.000345 seconds.
  path: Assets/source/sketchfab cabin/TexturesCom_OldBeams_3x3_8K_albedo.jpg
  artifactKey: Guid(2f71cd8cbabd94142bfbb338118b3307) Importer(815301076,1909f56bfc062723c751e8b465ee728b)
Start importing Assets/source/sketchfab cabin/TexturesCom_OldBeams_3x3_8K_albedo.jpg using Guid(2f71cd8cbabd94142bfbb338118b3307) Importer(815301076,1909f56bfc062723c751e8b465ee728b)  -> (artifact id: '05a695f659f4b2084a57144a27381ff4') in 0.021150 seconds 
  Import took 0.024274 seconds .

========================================================================
Received Import Request.
  Time since last request: 0.000300 seconds.
  path: Assets/source/sketchfab cabin/galvanized steel.001_normal.png
  artifactKey: Guid(f27ee85a5fb451744882ddc9498903f5) Importer(815301076,1909f56bfc062723c751e8b465ee728b)
Start importing Assets/source/sketchfab cabin/galvanized steel.001_normal.png using Guid(f27ee85a5fb451744882ddc9498903f5) Importer(815301076,1909f56bfc062723c751e8b465ee728b)  -> (artifact id: '93c8c8e379dc5c579f36405c7098cd08') in 0.013303 seconds 
  Import took 0.016921 seconds .

========================================================================
Received Import Request.
  Time since last request: 0.000395 seconds.
  path: Assets/source/sketchfab cabin/scratches1.png
  artifactKey: Guid(3216558b783e1074692e1763ea4db58e) Importer(815301076,1909f56bfc062723c751e8b465ee728b)
Start importing Assets/source/sketchfab cabin/scratches1.png using Guid(3216558b783e1074692e1763ea4db58e) Importer(815301076,1909f56bfc062723c751e8b465ee728b)  -> (artifact id: '784711c48d17fc8dcce8441fd1607211') in 0.013543 seconds 
  Import took 0.017052 seconds .

========================================================================
Received Import Request.
  Time since last request: 0.000264 seconds.
  path: Assets/source/sketchfab cabin/TexturesCom_OldBeams_3x3_4K_normal.tif
  artifactKey: Guid(ff859103d0e32644bbcff293665e72fd) Importer(815301076,1909f56bfc062723c751e8b465ee728b)
Start importing Assets/source/sketchfab cabin/TexturesCom_OldBeams_3x3_4K_normal.tif using Guid(ff859103d0e32644bbcff293665e72fd) Importer(815301076,1909f56bfc062723c751e8b465ee728b)  -> (artifact id: 'e58f1f7122f533eaf9020ea0069bbe99') in 0.012174 seconds 
  Import took 0.016891 seconds .

========================================================================
Received Import Request.
  Time since last request: 0.000418 seconds.
  path: Assets/source/sketchfab cabin/galvanized steel.001_basecolor.png
  artifactKey: Guid(f9a4a2d3551d4924ba7a93937adb46f3) Importer(815301076,1909f56bfc062723c751e8b465ee728b)
Start importing Assets/source/sketchfab cabin/galvanized steel.001_basecolor.png using Guid(f9a4a2d3551d4924ba7a93937adb46f3) Importer(815301076,1909f56bfc062723c751e8b465ee728b)  -> (artifact id: 'dd7441c8f810902c94d70490ace2ad69') in 0.011922 seconds 
  Import took 0.016010 seconds .

========================================================================
Received Import Request.
  Time since last request: 0.000220 seconds.
  path: Assets/source/sketchfab cabin/TexturesCom_OldPlanks2_2x2_2K_height.tif
  artifactKey: Guid(3213e6579a55bfe448b2668c37f7af1e) Importer(815301076,1909f56bfc062723c751e8b465ee728b)
Start importing Assets/source/sketchfab cabin/TexturesCom_OldPlanks2_2x2_2K_height.tif using Guid(3213e6579a55bfe448b2668c37f7af1e) Importer(815301076,1909f56bfc062723c751e8b465ee728b)  -> (artifact id: '7d42e2783ad3e7168199292e2852c252') in 0.012427 seconds 
  Import took 0.016012 seconds .

========================================================================
Received Import Request.
  Time since last request: 0.000266 seconds.
  path: Assets/source/sketchfab cabin/rough_wood_Diff_4k.jpg
  artifactKey: Guid(04f35e3debe2b9d4b9b45fbadf1969d9) Importer(815301076,1909f56bfc062723c751e8b465ee728b)
Start importing Assets/source/sketchfab cabin/rough_wood_Diff_4k.jpg using Guid(04f35e3debe2b9d4b9b45fbadf1969d9) Importer(815301076,1909f56bfc062723c751e8b465ee728b)  -> (artifact id: '9f8aa044ee5dc73c10757b5ba84a0a08') in 0.012629 seconds 
  Import took 0.015901 seconds .

========================================================================
Received Import Request.
  Time since last request: 0.000250 seconds.
  path: Assets/source/sketchfab cabin/Mossy_bark_02_4K_Base_Color.png
  artifactKey: Guid(bef341e13486fb94f88f942d5bfc5697) Importer(815301076,1909f56bfc062723c751e8b465ee728b)
Start importing Assets/source/sketchfab cabin/Mossy_bark_02_4K_Base_Color.png using Guid(bef341e13486fb94f88f942d5bfc5697) Importer(815301076,1909f56bfc062723c751e8b465ee728b)  -> (artifact id: '17be76924d500cc7092f880b05595192') in 0.014887 seconds 
  Import took 0.018512 seconds .

========================================================================
Received Import Request.
  Time since last request: 0.000240 seconds.
  path: Assets/source/sketchfab cabin/TexturesCom_OldBeams_3x3_4K_roughness.tif
  artifactKey: Guid(55397a198b3f2f2489686bc3e3a39833) Importer(815301076,1909f56bfc062723c751e8b465ee728b)
Start importing Assets/source/sketchfab cabin/TexturesCom_OldBeams_3x3_4K_roughness.tif using Guid(55397a198b3f2f2489686bc3e3a39833) Importer(815301076,1909f56bfc062723c751e8b465ee728b)  -> (artifact id: 'c731ca0cfd32a8dbfdf530a71c075887') in 0.012979 seconds 
  Import took 0.016395 seconds .

========================================================================
Received Import Request.
  Time since last request: 0.000235 seconds.
  path: Assets/source/sketchfab cabin/se4rwei_4K_Roughness.jpg
  artifactKey: Guid(a600bba655f72c14895e4ac5d0189188) Importer(815301076,1909f56bfc062723c751e8b465ee728b)
Start importing Assets/source/sketchfab cabin/se4rwei_4K_Roughness.jpg using Guid(a600bba655f72c14895e4ac5d0189188) Importer(815301076,1909f56bfc062723c751e8b465ee728b)  -> (artifact id: '2957c418d9487e22e51b4656d091c763') in 0.012940 seconds 
  Import took 0.016279 seconds .

========================================================================
Received Import Request.
  Time since last request: 0.000222 seconds.
  path: Assets/source/sketchfab cabin/Mossy_bark_02_4K_Normal.png
  artifactKey: Guid(f20a9093b8b27784197ee74ab22a6985) Importer(815301076,1909f56bfc062723c751e8b465ee728b)
Start importing Assets/source/sketchfab cabin/Mossy_bark_02_4K_Normal.png using Guid(f20a9093b8b27784197ee74ab22a6985) Importer(815301076,1909f56bfc062723c751e8b465ee728b)  -> (artifact id: 'a1742584742b7a2e491a6752f513b384') in 0.015519 seconds 
  Import took 0.019306 seconds .

========================================================================
Received Import Request.
  Time since last request: 0.000259 seconds.
  path: Assets/source/sketchfab cabin/TexturesCom_Concrete2_2x2_1K_normal.tif
  artifactKey: Guid(fba270166f75e354591c479d016ccdf3) Importer(815301076,1909f56bfc062723c751e8b465ee728b)
Start importing Assets/source/sketchfab cabin/TexturesCom_Concrete2_2x2_1K_normal.tif using Guid(fba270166f75e354591c479d016ccdf3) Importer(815301076,1909f56bfc062723c751e8b465ee728b)  -> (artifact id: '4ebfe877c559bf3d3fdd856a174b7f04') in 0.014423 seconds 
  Import took 0.017835 seconds .

========================================================================
Received Import Request.
  Time since last request: 0.000238 seconds.
  path: Assets/source/sketchfab cabin/TexturesCom_OldPlanks2_2x2_1K_roughness.tif
  artifactKey: Guid(352319043f5c7c648bb5f30aecf3bdf7) Importer(815301076,1909f56bfc062723c751e8b465ee728b)
Start importing Assets/source/sketchfab cabin/TexturesCom_OldPlanks2_2x2_1K_roughness.tif using Guid(352319043f5c7c648bb5f30aecf3bdf7) Importer(815301076,1909f56bfc062723c751e8b465ee728b)  -> (artifact id: '1afcadf99b4eb5998f6e6ee9bcf2c170') in 0.012494 seconds 
  Import took 0.016255 seconds .

========================================================================
Received Import Request.
  Time since last request: 0.000241 seconds.
  path: Assets/source/sketchfab cabin/TexturesCom_OldPlanks2_2x2_2K_normal.tif
  artifactKey: Guid(305ba8e066984164f9ed59b7d911193e) Importer(815301076,1909f56bfc062723c751e8b465ee728b)
Start importing Assets/source/sketchfab cabin/TexturesCom_OldPlanks2_2x2_2K_normal.tif using Guid(305ba8e066984164f9ed59b7d911193e) Importer(815301076,1909f56bfc062723c751e8b465ee728b)  -> (artifact id: '0cef4d731eb833a9e910033a84dad4ba') in 0.017464 seconds 
  Import took 0.020483 seconds .

========================================================================
Received Import Request.
  Time since last request: 0.000218 seconds.
  path: Assets/source/sketchfab cabin/galvanized steel.001_metallic.png
  artifactKey: Guid(ff5eeba87a2a96a4da8a66074b672eea) Importer(815301076,1909f56bfc062723c751e8b465ee728b)
Start importing Assets/source/sketchfab cabin/galvanized steel.001_metallic.png using Guid(ff5eeba87a2a96a4da8a66074b672eea) Importer(815301076,1909f56bfc062723c751e8b465ee728b)  -> (artifact id: '43276ba6b5b28c85d236bd8d81999b86') in 0.012512 seconds 
  Import took 0.015591 seconds .

========================================================================
Received Import Request.
  Time since last request: 5.914788 seconds.
  path: Assets/source/sketchfab cabin/TexturesCom_OldPlanks_2x2_2K_albedo.tif
  artifactKey: Guid(7f2f1169702d87e4a8a640013b61d842) Importer(815301076,1909f56bfc062723c751e8b465ee728b)
Start importing Assets/source/sketchfab cabin/TexturesCom_OldPlanks_2x2_2K_albedo.tif using Guid(7f2f1169702d87e4a8a640013b61d842) Importer(815301076,1909f56bfc062723c751e8b465ee728b)  -> (artifact id: '75b67997acd23b52ffe0e94601b46678') in 0.012532 seconds 
  Import took 0.015448 seconds .

========================================================================
Received Import Request.
  Time since last request: 0.064704 seconds.
  path: Assets/source/sketchfab cabin/TexturesCom_OldPlanks_2x2_2K_height.tif
  artifactKey: Guid(bc861c75673d43649b1280f9f299cee7) Importer(815301076,1909f56bfc062723c751e8b465ee728b)
Start importing Assets/source/sketchfab cabin/TexturesCom_OldPlanks_2x2_2K_height.tif using Guid(bc861c75673d43649b1280f9f299cee7) Importer(815301076,1909f56bfc062723c751e8b465ee728b)  -> (artifact id: 'cb9183eca4978ecfd99058ef60970e1a') in 0.012324 seconds 
  Import took 0.015112 seconds .

========================================================================
Received Import Request.
  Time since last request: 0.000377 seconds.
  path: Assets/source/sketchfab cabin/TexturesCom_Paint_MachinePaint_Red_1K_albedo.tif
  artifactKey: Guid(cd2896feae86eec4485476af95006deb) Importer(815301076,1909f56bfc062723c751e8b465ee728b)
Start importing Assets/source/sketchfab cabin/TexturesCom_Paint_MachinePaint_Red_1K_albedo.tif using Guid(cd2896feae86eec4485476af95006deb) Importer(815301076,1909f56bfc062723c751e8b465ee728b)  -> (artifact id: '39b6a3222aa3d93e9bdd2059448b39a1') in 0.013075 seconds 
  Import took 0.015826 seconds .

========================================================================
Received Import Request.
  Time since last request: 0.000332 seconds.
  path: Assets/source/sketchfab cabin/TexturesCom_Roofing_Bitumen4_2K_height.tif
  artifactKey: Guid(6ba421fd88ce3094ca0ebfeeba121ea1) Importer(815301076,1909f56bfc062723c751e8b465ee728b)
Start importing Assets/source/sketchfab cabin/TexturesCom_Roofing_Bitumen4_2K_height.tif using Guid(6ba421fd88ce3094ca0ebfeeba121ea1) Importer(815301076,1909f56bfc062723c751e8b465ee728b)  -> (artifact id: '656c51245e8c9b6c674de028ae4be5a2') in 0.012876 seconds 
  Import took 0.016376 seconds .

========================================================================
Received Import Request.
  Time since last request: 0.000579 seconds.
  path: Assets/source/sketchfab cabin/TexturesCom_RoughWood_2x2_2K_albedo.tif
  artifactKey: Guid(46fd201999255814ba4ef33f39a6b38a) Importer(815301076,1909f56bfc062723c751e8b465ee728b)
Start importing Assets/source/sketchfab cabin/TexturesCom_RoughWood_2x2_2K_albedo.tif using Guid(46fd201999255814ba4ef33f39a6b38a) Importer(815301076,1909f56bfc062723c751e8b465ee728b)  -> (artifact id: '6a331019c015d5f6d425ad388bad7d46') in 0.011275 seconds 
  Import took 0.014809 seconds .

========================================================================
Received Import Request.
  Time since last request: 0.000402 seconds.
  path: Assets/source/sketchfab cabin/TexturesCom_Wood_PlanksTemple03_1.8x1.8_1K_albedo.tif
  artifactKey: Guid(3d659a8fb2d904648b737e56c0db1832) Importer(815301076,1909f56bfc062723c751e8b465ee728b)
Start importing Assets/source/sketchfab cabin/TexturesCom_Wood_PlanksTemple03_1.8x1.8_1K_albedo.tif using Guid(3d659a8fb2d904648b737e56c0db1832) Importer(815301076,1909f56bfc062723c751e8b465ee728b)  -> (artifact id: '51dd87125f73b285d3a00d538a6d910e') in 0.012412 seconds 
  Import took 0.015582 seconds .

========================================================================
Received Import Request.
  Time since last request: 0.000373 seconds.
  path: Assets/source/sketchfab cabin/TexturesCom_TreeBark_1024_height.tif
  artifactKey: Guid(f76dbb96df875da4c87ec4e803834202) Importer(815301076,1909f56bfc062723c751e8b465ee728b)
Start importing Assets/source/sketchfab cabin/TexturesCom_TreeBark_1024_height.tif using Guid(f76dbb96df875da4c87ec4e803834202) Importer(815301076,1909f56bfc062723c751e8b465ee728b)  -> (artifact id: '52af093436abea967ed2acf5d55067b5') in 0.012015 seconds 
  Import took 0.015651 seconds .

========================================================================
Received Import Request.
  Time since last request: 0.000334 seconds.
  path: Assets/source/sketchfab cabin/TexturesCom_Roofing_Bitumen4_2K_albedo.tif
  artifactKey: Guid(7fa8a371109ff6f43abbaa9ee0937729) Importer(815301076,1909f56bfc062723c751e8b465ee728b)
Start importing Assets/source/sketchfab cabin/TexturesCom_Roofing_Bitumen4_2K_albedo.tif using Guid(7fa8a371109ff6f43abbaa9ee0937729) Importer(815301076,1909f56bfc062723c751e8b465ee728b)  -> (artifact id: '756be661443bb1c93b26397744e3b4ce') in 0.013997 seconds 
  Import took 0.017928 seconds .

========================================================================
Received Import Request.
  Time since last request: 0.000349 seconds.
  path: Assets/source/sketchfab cabin/TexturesCom_RoughWood_2x2_2K_roughness.tif
  artifactKey: Guid(d3818dddc5aa2374c9fb53058954befc) Importer(815301076,1909f56bfc062723c751e8b465ee728b)
Start importing Assets/source/sketchfab cabin/TexturesCom_RoughWood_2x2_2K_roughness.tif using Guid(d3818dddc5aa2374c9fb53058954befc) Importer(815301076,1909f56bfc062723c751e8b465ee728b)  -> (artifact id: 'e7db761b569f816775bae3ae7055e3f4') in 0.013828 seconds 
  Import took 0.017603 seconds .

========================================================================
Received Import Request.
  Time since last request: 0.000264 seconds.
  path: Assets/source/sketchfab cabin/TexturesCom_Wall_Cobblestone_3x3_2K_albedo.tif
  artifactKey: Guid(11c79e71c7156924b8df0eb251cb1e86) Importer(815301076,1909f56bfc062723c751e8b465ee728b)
Start importing Assets/source/sketchfab cabin/TexturesCom_Wall_Cobblestone_3x3_2K_albedo.tif using Guid(11c79e71c7156924b8df0eb251cb1e86) Importer(815301076,1909f56bfc062723c751e8b465ee728b)  -> (artifact id: '7d18afa448c23877922591947328ce21') in 0.013504 seconds 
  Import took 0.016893 seconds .

========================================================================
Received Import Request.
  Time since last request: 0.000374 seconds.
  path: Assets/source/sketchfab cabin/TexturesCom_Wall_Cobblestone_3x3_1K_roughness.tif
  artifactKey: Guid(d6915842d3f0a06448eda7bc0e7abc38) Importer(815301076,1909f56bfc062723c751e8b465ee728b)
Start importing Assets/source/sketchfab cabin/TexturesCom_Wall_Cobblestone_3x3_1K_roughness.tif using Guid(d6915842d3f0a06448eda7bc0e7abc38) Importer(815301076,1909f56bfc062723c751e8b465ee728b)  -> (artifact id: 'b197ef50cef53e8fb2d0135a6f43aa98') in 0.012943 seconds 
  Import took 0.016174 seconds .

========================================================================
Received Import Request.
  Time since last request: 0.000210 seconds.
  path: Assets/source/sketchfab cabin/TexturesCom_Wall_Cobblestone_3x3_1K_normal.tif
  artifactKey: Guid(482dd1a66f1504a47b990f740fde2316) Importer(815301076,1909f56bfc062723c751e8b465ee728b)
Start importing Assets/source/sketchfab cabin/TexturesCom_Wall_Cobblestone_3x3_1K_normal.tif using Guid(482dd1a66f1504a47b990f740fde2316) Importer(815301076,1909f56bfc062723c751e8b465ee728b)  -> (artifact id: '2a03f2f286a55d9fb9e68e5e095ac7b1') in 0.014282 seconds 
  Import took 0.017312 seconds .

========================================================================
Received Import Request.
  Time since last request: 0.000420 seconds.
  path: Assets/source/sketchfab cabin/TexturesCom_TreeBark_1K_normal.tiff
  artifactKey: Guid(741e4c6f888d1074bb1d3d940b431b21) Importer(815301076,1909f56bfc062723c751e8b465ee728b)
Start importing Assets/source/sketchfab cabin/TexturesCom_TreeBark_1K_normal.tiff using Guid(741e4c6f888d1074bb1d3d940b431b21) Importer(815301076,1909f56bfc062723c751e8b465ee728b)  -> (artifact id: '997220332c118ff011e3f71d7b3321d8') in 0.015149 seconds 
  Import took 0.018364 seconds .

========================================================================
Received Import Request.
  Time since last request: 0.000290 seconds.
  path: Assets/source/sketchfab cabin/TexturesCom_TreeBark_1K_roughness.tif
  artifactKey: Guid(72b13cff676bb384c8137cf0c013fd0b) Importer(815301076,1909f56bfc062723c751e8b465ee728b)
Start importing Assets/source/sketchfab cabin/TexturesCom_TreeBark_1K_roughness.tif using Guid(72b13cff676bb384c8137cf0c013fd0b) Importer(815301076,1909f56bfc062723c751e8b465ee728b)  -> (artifact id: '7deccb0ee7dbda225aa3c5aaa8d354cd') in 0.012571 seconds 
  Import took 0.015997 seconds .

========================================================================
Received Import Request.
  Time since last request: 0.000300 seconds.
  path: Assets/source/sketchfab cabin/TexturesCom_RoughWood_2x2_2K_normal.tif
  artifactKey: Guid(1cd8b451faf9435479fea0c18a35e7bf) Importer(815301076,1909f56bfc062723c751e8b465ee728b)
Start importing Assets/source/sketchfab cabin/TexturesCom_RoughWood_2x2_2K_normal.tif using Guid(1cd8b451faf9435479fea0c18a35e7bf) Importer(815301076,1909f56bfc062723c751e8b465ee728b)  -> (artifact id: '5d2d09c20fbdef958da739413ec30f68') in 0.013043 seconds 
  Import took 0.016265 seconds .

========================================================================
Received Import Request.
  Time since last request: 0.000337 seconds.
  path: Assets/source/sketchfab cabin/TexturesCom_OldWoodPlanks_1024_normal.tif
  artifactKey: Guid(7a9747174a4885f44a2d436ce5cfadbb) Importer(815301076,1909f56bfc062723c751e8b465ee728b)
Start importing Assets/source/sketchfab cabin/TexturesCom_OldWoodPlanks_1024_normal.tif using Guid(7a9747174a4885f44a2d436ce5cfadbb) Importer(815301076,1909f56bfc062723c751e8b465ee728b)  -> (artifact id: 'd56e7715a910228bb4994f289933b925') in 0.014288 seconds 
  Import took 0.017465 seconds .

========================================================================
Received Import Request.
  Time since last request: 0.000346 seconds.
  path: Assets/source/sketchfab cabin/TexturesCom_Roofing_Bitumen4_2K_roughness.tif
  artifactKey: Guid(e4a80208251124d4fb5b1e6d3b52f279) Importer(815301076,1909f56bfc062723c751e8b465ee728b)
Start importing Assets/source/sketchfab cabin/TexturesCom_Roofing_Bitumen4_2K_roughness.tif using Guid(e4a80208251124d4fb5b1e6d3b52f279) Importer(815301076,1909f56bfc062723c751e8b465ee728b)  -> (artifact id: '3012b99c1cddda90a70ff3c3d3c27f03') in 0.013830 seconds 
  Import took 0.016897 seconds .

========================================================================
Received Import Request.
  Time since last request: 0.000381 seconds.
  path: Assets/source/sketchfab cabin/TexturesCom_TreeBark_1024_albedo.tif
  artifactKey: Guid(37a201b12e60bf644916614afeaeace3) Importer(815301076,1909f56bfc062723c751e8b465ee728b)
Start importing Assets/source/sketchfab cabin/TexturesCom_TreeBark_1024_albedo.tif using Guid(37a201b12e60bf644916614afeaeace3) Importer(815301076,1909f56bfc062723c751e8b465ee728b)  -> (artifact id: '03d668bb657e207009257f37d4bf97e4') in 0.012820 seconds 
  Import took 0.015942 seconds .

========================================================================
Received Import Request.
  Time since last request: 0.000262 seconds.
  path: Assets/source/sketchfab cabin/TexturesCom_Wall_Cobblestone_3x3_2K_height.tif
  artifactKey: Guid(99e3e020bc18a5144879ccbeccd5e0d1) Importer(815301076,1909f56bfc062723c751e8b465ee728b)
Start importing Assets/source/sketchfab cabin/TexturesCom_Wall_Cobblestone_3x3_2K_height.tif using Guid(99e3e020bc18a5144879ccbeccd5e0d1) Importer(815301076,1909f56bfc062723c751e8b465ee728b)  -> (artifact id: 'e49538aad8784b1492916405783ce480') in 0.013001 seconds 
  Import took 0.016283 seconds .

========================================================================
Received Import Request.
  Time since last request: 0.094609 seconds.
  path: Assets/source/sketchfab cabin/TexturesCom_Wood_PlanksTemple03_1.8x1.8_1K_normal.tif
  artifactKey: Guid(7ad9577ab84fcd449acefb49ed539c80) Importer(815301076,1909f56bfc062723c751e8b465ee728b)
Start importing Assets/source/sketchfab cabin/TexturesCom_Wood_PlanksTemple03_1.8x1.8_1K_normal.tif using Guid(7ad9577ab84fcd449acefb49ed539c80) Importer(815301076,1909f56bfc062723c751e8b465ee728b)  -> (artifact id: '74137ed0a8e91a217e4b22c1f55a036d') in 0.012994 seconds 
  Import took 0.015870 seconds .

========================================================================
Received Import Request.
  Time since last request: 0.000356 seconds.
  path: Assets/source/sketchfab cabin/TexturesCom_WoodEnds0088_9_seamless_L_normal.jpg
  artifactKey: Guid(63053f6525117624cad87baea0a06b47) Importer(815301076,1909f56bfc062723c751e8b465ee728b)
Start importing Assets/source/sketchfab cabin/TexturesCom_WoodEnds0088_9_seamless_L_normal.jpg using Guid(63053f6525117624cad87baea0a06b47) Importer(815301076,1909f56bfc062723c751e8b465ee728b)  -> (artifact id: '2831e7dc053df064b4c903d7577a872f') in 0.012898 seconds 
  Import took 0.015576 seconds .

========================================================================
Received Import Request.
  Time since last request: 0.000411 seconds.
  path: Assets/source/sketchfab cabin/TexturesCom_WoodEnds0088_9_seamless_L.jpg
  artifactKey: Guid(685a001ed767c0946abe9b667d535bca) Importer(815301076,1909f56bfc062723c751e8b465ee728b)
Start importing Assets/source/sketchfab cabin/TexturesCom_WoodEnds0088_9_seamless_L.jpg using Guid(685a001ed767c0946abe9b667d535bca) Importer(815301076,1909f56bfc062723c751e8b465ee728b)  -> (artifact id: '958e131fefa373cd2afdfea6ff4b8106') in 0.015216 seconds 
  Import took 0.018761 seconds .

========================================================================
Received Import Request.
  Time since last request: 0.000288 seconds.
  path: Assets/source/sketchfab cabin/Wood025_2K_Normal.jpg
  artifactKey: Guid(bb7f1523b88a43a49b3fabddf69828c2) Importer(815301076,1909f56bfc062723c751e8b465ee728b)
Start importing Assets/source/sketchfab cabin/Wood025_2K_Normal.jpg using Guid(bb7f1523b88a43a49b3fabddf69828c2) Importer(815301076,1909f56bfc062723c751e8b465ee728b)  -> (artifact id: 'e5e2ea6b1f2c0bbedb02bccd31b88f1d') in 0.013482 seconds 
  Import took 0.016826 seconds .

========================================================================
Received Import Request.
  Time since last request: 0.000320 seconds.
  path: Assets/source/sketchfab cabin/TexturesCom_Wood_PlanksTemple03_1.8x1.8_1K_roughness.tif
  artifactKey: Guid(eb279cd2f87797148aef025ce557f3b6) Importer(815301076,1909f56bfc062723c751e8b465ee728b)
Start importing Assets/source/sketchfab cabin/TexturesCom_Wood_PlanksTemple03_1.8x1.8_1K_roughness.tif using Guid(eb279cd2f87797148aef025ce557f3b6) Importer(815301076,1909f56bfc062723c751e8b465ee728b)  -> (artifact id: 'cd8fd9910ac0dc8623adf6aa75f856e0') in 0.012550 seconds 
  Import took 0.015666 seconds .

========================================================================
Received Import Request.
  Time since last request: 0.000443 seconds.
  path: Assets/source/sketchfab cabin/Wood031_2K_Color.jpg
  artifactKey: Guid(50e416f256b3fec4bacc55b32dd3cf11) Importer(815301076,1909f56bfc062723c751e8b465ee728b)
Start importing Assets/source/sketchfab cabin/Wood031_2K_Color.jpg using Guid(50e416f256b3fec4bacc55b32dd3cf11) Importer(815301076,1909f56bfc062723c751e8b465ee728b)  -> (artifact id: '39c8d4ce6b9c3752b67cca787b069362') in 0.014421 seconds 
  Import took 0.017560 seconds .

========================================================================
Received Import Request.
  Time since last request: 0.000360 seconds.
  path: Assets/source/sketchfab cabin/TexturesCom_WoodEnds0019_2_M.jpg
  artifactKey: Guid(14e9882e945aacc45a25be23355313c1) Importer(815301076,1909f56bfc062723c751e8b465ee728b)
Start importing Assets/source/sketchfab cabin/TexturesCom_WoodEnds0019_2_M.jpg using Guid(14e9882e945aacc45a25be23355313c1) Importer(815301076,1909f56bfc062723c751e8b465ee728b)  -> (artifact id: '97fe0a50cbef2e034dcf09620931de6f') in 0.013213 seconds 
  Import took 0.016008 seconds .

========================================================================
Received Import Request.
  Time since last request: 0.000418 seconds.
  path: Assets/source/sketchfab cabin/TexturesCom_WoodEnds0019_2_M_normal.jpg
  artifactKey: Guid(80e4e4fab2dc6974991fbe01c3f44b5d) Importer(815301076,1909f56bfc062723c751e8b465ee728b)
Start importing Assets/source/sketchfab cabin/TexturesCom_WoodEnds0019_2_M_normal.jpg using Guid(80e4e4fab2dc6974991fbe01c3f44b5d) Importer(815301076,1909f56bfc062723c751e8b465ee728b)  -> (artifact id: 'eb92f9766bb8817f4899ada6553cff64') in 0.015328 seconds 
  Import took 0.018558 seconds .

========================================================================
Received Import Request.
  Time since last request: 0.000252 seconds.
  path: Assets/source/sketchfab cabin/wallpapersTextureNo4208_1600x1200.jpg
  artifactKey: Guid(c352a83f7fcf0434da6f00eb94e2cce3) Importer(815301076,1909f56bfc062723c751e8b465ee728b)
Start importing Assets/source/sketchfab cabin/wallpapersTextureNo4208_1600x1200.jpg using Guid(c352a83f7fcf0434da6f00eb94e2cce3) Importer(815301076,1909f56bfc062723c751e8b465ee728b)  -> (artifact id: 'f3db98e3619bcddc9793a0fa97ad84e9') in 0.013748 seconds 
  Import took 0.016718 seconds .

========================================================================
Received Import Request.
  Time since last request: 0.229096 seconds.
  path: Assets/source/sketchfab cabin/Wood031_2K_Normal.jpg
  artifactKey: Guid(5ec68ee9cb54b064db75ca97da933de1) Importer(815301076,1909f56bfc062723c751e8b465ee728b)
Start importing Assets/source/sketchfab cabin/Wood031_2K_Normal.jpg using Guid(5ec68ee9cb54b064db75ca97da933de1) Importer(815301076,1909f56bfc062723c751e8b465ee728b)  -> (artifact id: 'b6bb52fc840989373e32729726b31302') in 0.013736 seconds 
  Import took 0.016848 seconds .

========================================================================
Received Import Request.
  Time since last request: 0.000375 seconds.
  path: Assets/source/sketchfab cabin/Wood031_2K_Roughness.jpg
  artifactKey: Guid(2ec49792083acc148bc0acb0699679ef) Importer(815301076,1909f56bfc062723c751e8b465ee728b)
Start importing Assets/source/sketchfab cabin/Wood031_2K_Roughness.jpg using Guid(2ec49792083acc148bc0acb0699679ef) Importer(815301076,1909f56bfc062723c751e8b465ee728b)  -> (artifact id: '5f7464a18319edef7f11eb0677e58710') in 0.013262 seconds 
  Import took 0.016407 seconds .

========================================================================
Received Import Request.
  Time since last request: 0.000312 seconds.
  path: Assets/source/sketchfab cabin/Wood_03_4K_Normal.png
  artifactKey: Guid(18e10bfca6f351e43b8e7875ea59fba4) Importer(815301076,1909f56bfc062723c751e8b465ee728b)
Start importing Assets/source/sketchfab cabin/Wood_03_4K_Normal.png using Guid(18e10bfca6f351e43b8e7875ea59fba4) Importer(815301076,1909f56bfc062723c751e8b465ee728b)  -> (artifact id: '9811f2306f2219e223d11ce5e6192d7b') in 0.014179 seconds 
  Import took 0.017239 seconds .

========================================================================
Received Import Request.
  Time since last request: 55.915580 seconds.
  path: Assets/textures/galvanized steel.001_basecolor.png
  artifactKey: Guid(2a7957aa570966e4596994b910b708a2) Importer(815301076,1909f56bfc062723c751e8b465ee728b)
Start importing Assets/textures/galvanized steel.001_basecolor.png using Guid(2a7957aa570966e4596994b910b708a2) Importer(815301076,1909f56bfc062723c751e8b465ee728b)  -> (artifact id: 'dd7f26cdc658afe686fd24bcebc2cc16') in 0.011699 seconds 
  Import took 0.015365 seconds .

========================================================================
Received Import Request.
  Time since last request: 0.000374 seconds.
  path: Assets/textures/TexturesCom_OldWoodPlanks_1024_normal.png
  artifactKey: Guid(408cd175f1e199f499b56ef3948ae8ba) Importer(815301076,1909f56bfc062723c751e8b465ee728b)
Start importing Assets/textures/TexturesCom_OldWoodPlanks_1024_normal.png using Guid(408cd175f1e199f499b56ef3948ae8ba) Importer(815301076,1909f56bfc062723c751e8b465ee728b)  -> (artifact id: '4948e62aa94e1c5831b101427ce4f8c6') in 0.014733 seconds 
  Import took 0.017904 seconds .

========================================================================
Received Import Request.
  Time since last request: 0.000305 seconds.
  path: Assets/textures/TexturesCom_Wall_Cobblestone_3x3_2K_albedo.png
  artifactKey: Guid(4398fedfd2647024494970d6e74ec02a) Importer(815301076,1909f56bfc062723c751e8b465ee728b)
Start importing Assets/textures/TexturesCom_Wall_Cobblestone_3x3_2K_albedo.png using Guid(4398fedfd2647024494970d6e74ec02a) Importer(815301076,1909f56bfc062723c751e8b465ee728b)  -> (artifact id: '5026409408ee931d2cf22076e4bb83a3') in 0.013320 seconds 
  Import took 0.016181 seconds .

========================================================================
Received Import Request.
  Time since last request: 0.000410 seconds.
  path: Assets/textures/TexturesCom_OldPlanks_2x2_1K_roughness.png
  artifactKey: Guid(dab45d3c9048e9543baf32f82f2522ad) Importer(815301076,1909f56bfc062723c751e8b465ee728b)
Start importing Assets/textures/TexturesCom_OldPlanks_2x2_1K_roughness.png using Guid(dab45d3c9048e9543baf32f82f2522ad) Importer(815301076,1909f56bfc062723c751e8b465ee728b)  -> (artifact id: '006fbe608067465807c08f62f18ff0de') in 0.011449 seconds 
  Import took 0.014308 seconds .

========================================================================
Received Import Request.
  Time since last request: 0.000342 seconds.
  path: Assets/textures/TexturesCom_OldBeams_3x3_4K_normal.png
  artifactKey: Guid(0207f159657b9d0459a9f9f2ac844077) Importer(815301076,1909f56bfc062723c751e8b465ee728b)
Start importing Assets/textures/TexturesCom_OldBeams_3x3_4K_normal.png using Guid(0207f159657b9d0459a9f9f2ac844077) Importer(815301076,1909f56bfc062723c751e8b465ee728b)  -> (artifact id: 'ac9308a0651cc023ffbbd65d6d354d17') in 0.015258 seconds 
  Import took 0.018164 seconds .

========================================================================
Received Import Request.
  Time since last request: 0.000419 seconds.
  path: Assets/textures/TexturesCom_OldBeams_3x3_4K_roughness.png
  artifactKey: Guid(10fb084a88ea4434abf31a5ebecc4415) Importer(815301076,1909f56bfc062723c751e8b465ee728b)
Start importing Assets/textures/TexturesCom_OldBeams_3x3_4K_roughness.png using Guid(10fb084a88ea4434abf31a5ebecc4415) Importer(815301076,1909f56bfc062723c751e8b465ee728b)  -> (artifact id: 'ab6cd7493024084d75c61884c71660db') in 0.016847 seconds 
  Import took 0.020152 seconds .

========================================================================
Received Import Request.
  Time since last request: 0.000409 seconds.
  path: Assets/textures/TexturesCom_OldPlanks2_2x2_2K_albedo.png
  artifactKey: Guid(4b3478b86759d2c458a9b8b87e22243a) Importer(815301076,1909f56bfc062723c751e8b465ee728b)
Start importing Assets/textures/TexturesCom_OldPlanks2_2x2_2K_albedo.png using Guid(4b3478b86759d2c458a9b8b87e22243a) Importer(815301076,1909f56bfc062723c751e8b465ee728b)  -> (artifact id: 'c1b4d2fc9f01881f15bd9bfe265ae644') in 0.014698 seconds 
  Import took 0.018476 seconds .

========================================================================
Received Import Request.
  Time since last request: 0.000313 seconds.
  path: Assets/textures/galvanized steel.001_normal.png
  artifactKey: Guid(1acbadcb20ffd374f8f676ddb00f840b) Importer(815301076,1909f56bfc062723c751e8b465ee728b)
Start importing Assets/textures/galvanized steel.001_normal.png using Guid(1acbadcb20ffd374f8f676ddb00f840b) Importer(815301076,1909f56bfc062723c751e8b465ee728b)  -> (artifact id: 'ae899f6f0f360c6692ba6652f60fe582') in 0.011956 seconds 
  Import took 0.015157 seconds .

========================================================================
Received Import Request.
  Time since last request: 0.000376 seconds.
  path: Assets/textures/TexturesCom_WoodEnds0019_2_M_normal.jpeg
  artifactKey: Guid(2b19fd424680d084b91cc5efbecaffc9) Importer(815301076,1909f56bfc062723c751e8b465ee728b)
Start importing Assets/textures/TexturesCom_WoodEnds0019_2_M_normal.jpeg using Guid(2b19fd424680d084b91cc5efbecaffc9) Importer(815301076,1909f56bfc062723c751e8b465ee728b)  -> (artifact id: 'e852c3297729563ac2195f157dfaca9d') in 0.012108 seconds 
  Import took 0.015566 seconds .

========================================================================
Received Import Request.
  Time since last request: 0.000260 seconds.
  path: Assets/textures/TexturesCom_OldPlanks2_2x2_2K_normal.png
  artifactKey: Guid(0c83c0075c3f4a944af0b2989568bd45) Importer(815301076,1909f56bfc062723c751e8b465ee728b)
Start importing Assets/textures/TexturesCom_OldPlanks2_2x2_2K_normal.png using Guid(0c83c0075c3f4a944af0b2989568bd45) Importer(815301076,1909f56bfc062723c751e8b465ee728b)  -> (artifact id: '31a1c0ad0a1413d46c4e02c7c73f66e8') in 0.012364 seconds 
  Import took 0.015102 seconds .

========================================================================
Received Import Request.
  Time since last request: 0.000228 seconds.
  path: Assets/textures/TexturesCom_RoughWood_2x2_2K_albedo.png
  artifactKey: Guid(8b46dd62c1ffbe649a4b89c80595a00e) Importer(815301076,1909f56bfc062723c751e8b465ee728b)
Start importing Assets/textures/TexturesCom_RoughWood_2x2_2K_albedo.png using Guid(8b46dd62c1ffbe649a4b89c80595a00e) Importer(815301076,1909f56bfc062723c751e8b465ee728b)  -> (artifact id: '06e194d77f77507595ff52ccb515861c') in 0.010843 seconds 
  Import took 0.014025 seconds .

========================================================================
Received Import Request.
  Time since last request: 0.000257 seconds.
  path: Assets/textures/Mossy_bark_02_4K_Roughness.png
  artifactKey: Guid(d4a8581d87fbecb4aa355c993c1ddc15) Importer(815301076,1909f56bfc062723c751e8b465ee728b)
Start importing Assets/textures/Mossy_bark_02_4K_Roughness.png using Guid(d4a8581d87fbecb4aa355c993c1ddc15) Importer(815301076,1909f56bfc062723c751e8b465ee728b)  -> (artifact id: 'efc9545c39f20a5dfd03c85673878794') in 0.011884 seconds 
  Import took 0.015419 seconds .

========================================================================
Received Import Request.
  Time since last request: 0.000327 seconds.
  path: Assets/textures/TexturesCom_TreeBark_1024_albedo.png
  artifactKey: Guid(ef4e9d68bfee76a4485817546bd20df2) Importer(815301076,1909f56bfc062723c751e8b465ee728b)
Start importing Assets/textures/TexturesCom_TreeBark_1024_albedo.png using Guid(ef4e9d68bfee76a4485817546bd20df2) Importer(815301076,1909f56bfc062723c751e8b465ee728b)  -> (artifact id: '0f8d2947c887f012e1013e80e0ccaca3') in 0.011258 seconds 
  Import took 0.015144 seconds .

========================================================================
Received Import Request.
  Time since last request: 0.000254 seconds.
  path: Assets/textures/TexturesCom_Fabric_Flannel3_512_albedo.jpg
  artifactKey: Guid(62329bd52f03d5c48ae7bffab7b44e50) Importer(815301076,1909f56bfc062723c751e8b465ee728b)
Start importing Assets/textures/TexturesCom_Fabric_Flannel3_512_albedo.jpg using Guid(62329bd52f03d5c48ae7bffab7b44e50) Importer(815301076,1909f56bfc062723c751e8b465ee728b)  -> (artifact id: 'e0f74e578e24f4d01279a94d4850ac60') in 0.014166 seconds 
  Import took 0.017352 seconds .

========================================================================
Received Import Request.
  Time since last request: 0.000251 seconds.
  path: Assets/textures/se4rwei_4K_Normal.jpeg
  artifactKey: Guid(7aac9ca5ef99783458175c8abfbc5cad) Importer(815301076,1909f56bfc062723c751e8b465ee728b)
Start importing Assets/textures/se4rwei_4K_Normal.jpeg using Guid(7aac9ca5ef99783458175c8abfbc5cad) Importer(815301076,1909f56bfc062723c751e8b465ee728b)  -> (artifact id: '11439f34fe2cd03cd684e4dc5ffb28f3') in 0.012766 seconds 
  Import took 0.016026 seconds .

========================================================================
Received Import Request.
  Time since last request: 0.000302 seconds.
  path: Assets/textures/TexturesCom_ConcretewPebbles_1x1_512_albedo.png
  artifactKey: Guid(62ec71d4d6e63b040a022c05857030e7) Importer(815301076,1909f56bfc062723c751e8b465ee728b)
Start importing Assets/textures/TexturesCom_ConcretewPebbles_1x1_512_albedo.png using Guid(62ec71d4d6e63b040a022c05857030e7) Importer(815301076,1909f56bfc062723c751e8b465ee728b)  -> (artifact id: '8a749f14d465e99c623273f2551e763d') in 0.013195 seconds 
  Import took 0.016158 seconds .

========================================================================
Received Import Request.
  Time since last request: 0.000338 seconds.
  path: Assets/textures/TexturesCom_Wall_Cobblestone_3x3_1K_normal.png
  artifactKey: Guid(917c7e7cd3ed0ae40982d739b25b7d42) Importer(815301076,1909f56bfc062723c751e8b465ee728b)
Start importing Assets/textures/TexturesCom_Wall_Cobblestone_3x3_1K_normal.png using Guid(917c7e7cd3ed0ae40982d739b25b7d42) Importer(815301076,1909f56bfc062723c751e8b465ee728b)  -> (artifact id: '7a3897aaa40d51090a7be060ce00b386') in 0.011486 seconds 
  Import took 0.014520 seconds .

========================================================================
Received Import Request.
  Time since last request: 0.000332 seconds.
  path: Assets/textures/TexturesCom_ConcretewPebbles_1x1_512_roughness.png
  artifactKey: Guid(04a3733f039bb4349b89bb6da0ba97ad) Importer(815301076,1909f56bfc062723c751e8b465ee728b)
Start importing Assets/textures/TexturesCom_ConcretewPebbles_1x1_512_roughness.png using Guid(04a3733f039bb4349b89bb6da0ba97ad) Importer(815301076,1909f56bfc062723c751e8b465ee728b)  -> (artifact id: '779057c83e56dd0c5c8be7bb457995f0') in 0.012052 seconds 
  Import took 0.015453 seconds .

========================================================================
Received Import Request.
  Time since last request: 0.000269 seconds.
  path: Assets/textures/TexturesCom_OldPlanks_2x2_2K_albedo.png
  artifactKey: Guid(a48c3d2bc63dc4f418966bcbb032e0a6) Importer(815301076,1909f56bfc062723c751e8b465ee728b)
Start importing Assets/textures/TexturesCom_OldPlanks_2x2_2K_albedo.png using Guid(a48c3d2bc63dc4f418966bcbb032e0a6) Importer(815301076,1909f56bfc062723c751e8b465ee728b)  -> (artifact id: '7c79061d0af3a22a3571bc7b01f1418b') in 0.011936 seconds 
  Import took 0.014889 seconds .

========================================================================
Received Import Request.
  Time since last request: 0.000314 seconds.
  path: Assets/textures/TexturesCom_Roofing_Bitumen4_512_normal.jpg
  artifactKey: Guid(36bcbbdc4b23ec74ba4ca9835fbfbee8) Importer(815301076,1909f56bfc062723c751e8b465ee728b)
Start importing Assets/textures/TexturesCom_Roofing_Bitumen4_512_normal.jpg using Guid(36bcbbdc4b23ec74ba4ca9835fbfbee8) Importer(815301076,1909f56bfc062723c751e8b465ee728b)  -> (artifact id: '02d45e1a9857dc1e2bf6d1f697a64a72') in 0.013353 seconds 
  Import took 0.016415 seconds .

========================================================================
Received Import Request.
  Time since last request: 0.000282 seconds.
  path: Assets/textures/TexturesCom_OldBeams_3x3_8K_albedo.jpeg
  artifactKey: Guid(9157c5a66b3436044ad9afb245ab66bd) Importer(815301076,1909f56bfc062723c751e8b465ee728b)
Start importing Assets/textures/TexturesCom_OldBeams_3x3_8K_albedo.jpeg using Guid(9157c5a66b3436044ad9afb245ab66bd) Importer(815301076,1909f56bfc062723c751e8b465ee728b)  -> (artifact id: 'e408c7fff6ae50e6646e2d87c42cdf7a') in 0.013877 seconds 
  Import took 0.016783 seconds .

========================================================================
Received Import Request.
  Time since last request: 0.000251 seconds.
  path: Assets/textures/TexturesCom_WoodEnds0088_9_seamless_L_normal.jpeg
  artifactKey: Guid(4353274fb1d191042b70728819df2c94) Importer(815301076,1909f56bfc062723c751e8b465ee728b)
Start importing Assets/textures/TexturesCom_WoodEnds0088_9_seamless_L_normal.jpeg using Guid(4353274fb1d191042b70728819df2c94) Importer(815301076,1909f56bfc062723c751e8b465ee728b)  -> (artifact id: '342b5c182799c241f807be420d3ee44b') in 0.018276 seconds 
  Import took 0.021095 seconds .

========================================================================
Received Import Request.
  Time since last request: 0.000265 seconds.
  path: Assets/textures/TexturesCom_Wall_Cobblestone_3x3_1K_roughness.png
  artifactKey: Guid(3bba45b9f42b4e84c9d3b719a2c62187) Importer(815301076,1909f56bfc062723c751e8b465ee728b)
Start importing Assets/textures/TexturesCom_Wall_Cobblestone_3x3_1K_roughness.png using Guid(3bba45b9f42b4e84c9d3b719a2c62187) Importer(815301076,1909f56bfc062723c751e8b465ee728b)  -> (artifact id: '8b9e5d4bcae9a5ebd90530061c0d3af0') in 0.012501 seconds 
  Import took 0.015804 seconds .

========================================================================
Received Import Request.
  Time since last request: 0.000315 seconds.
  path: Assets/textures/TexturesCom_RoughWood_2x2_2K_normal.png
  artifactKey: Guid(5ca91d4a80e807740bbee341f17b8497) Importer(815301076,1909f56bfc062723c751e8b465ee728b)
Start importing Assets/textures/TexturesCom_RoughWood_2x2_2K_normal.png using Guid(5ca91d4a80e807740bbee341f17b8497) Importer(815301076,1909f56bfc062723c751e8b465ee728b)  -> (artifact id: '8e472d2b0911df994cbc2b702b0fc858') in 0.010999 seconds 
  Import took 0.014610 seconds .

========================================================================
Received Import Request.
  Time since last request: 0.000216 seconds.
  path: Assets/textures/TexturesCom_WoodEnds0088_9_seamless_L.jpeg
  artifactKey: Guid(3b528686f4334ee41bb2e0d13a924b6c) Importer(815301076,1909f56bfc062723c751e8b465ee728b)
Start importing Assets/textures/TexturesCom_WoodEnds0088_9_seamless_L.jpeg using Guid(3b528686f4334ee41bb2e0d13a924b6c) Importer(815301076,1909f56bfc062723c751e8b465ee728b)  -> (artifact id: 'e85687319aa53a432bfe04576b72da99') in 0.011610 seconds 
  Import took 0.014561 seconds .

========================================================================
Received Import Request.
  Time since last request: 0.000282 seconds.
  path: Assets/textures/TexturesCom_Fabric_Cotton_512_normal.jpg
  artifactKey: Guid(1555fd6d54642574d8a535bf24a5e813) Importer(815301076,1909f56bfc062723c751e8b465ee728b)
Start importing Assets/textures/TexturesCom_Fabric_Cotton_512_normal.jpg using Guid(1555fd6d54642574d8a535bf24a5e813) Importer(815301076,1909f56bfc062723c751e8b465ee728b)  -> (artifact id: '68a24d4b473fcd9572fedd441a0c6d43') in 0.013378 seconds 
  Import took 0.016643 seconds .

========================================================================
Received Import Request.
  Time since last request: 0.000275 seconds.
  path: Assets/textures/sfknaeoa_4K_Albedo.jpeg
  artifactKey: Guid(1c1cdb691ec629d4d98a46657417eb9e) Importer(815301076,1909f56bfc062723c751e8b465ee728b)
Start importing Assets/textures/sfknaeoa_4K_Albedo.jpeg using Guid(1c1cdb691ec629d4d98a46657417eb9e) Importer(815301076,1909f56bfc062723c751e8b465ee728b)  -> (artifact id: 'fc9d22f48aa32c815341159aab414637') in 0.013315 seconds 
  Import took 0.016616 seconds .

========================================================================
Received Import Request.
  Time since last request: 0.000267 seconds.
  path: Assets/textures/TexturesCom_RoughWood_2x2_2K_roughness.png
  artifactKey: Guid(e645bf72693d8e14ab8ef2f65c774903) Importer(815301076,1909f56bfc062723c751e8b465ee728b)
Start importing Assets/textures/TexturesCom_RoughWood_2x2_2K_roughness.png using Guid(e645bf72693d8e14ab8ef2f65c774903) Importer(815301076,1909f56bfc062723c751e8b465ee728b)  -> (artifact id: '828d98e4e81453043c24ec0693261d4e') in 0.011550 seconds 
  Import took 0.014677 seconds .

========================================================================
Received Import Request.
  Time since last request: 0.000282 seconds.
  path: Assets/textures/galvanized steel.001_roughness.png
  artifactKey: Guid(17fb8de4fd9610f4ca6e99d35a6bbd6b) Importer(815301076,1909f56bfc062723c751e8b465ee728b)
Start importing Assets/textures/galvanized steel.001_roughness.png using Guid(17fb8de4fd9610f4ca6e99d35a6bbd6b) Importer(815301076,1909f56bfc062723c751e8b465ee728b)  -> (artifact id: '72c618d8fa28b19e75c2afc58706d9e5') in 0.013530 seconds 
  Import took 0.017259 seconds .

========================================================================
Received Import Request.
  Time since last request: 0.000282 seconds.
  path: Assets/textures/TexturesCom_Concrete2_2x2_1K_normal.png
  artifactKey: Guid(b7327252d9c05684ea88c4ae162b060d) Importer(815301076,1909f56bfc062723c751e8b465ee728b)
Start importing Assets/textures/TexturesCom_Concrete2_2x2_1K_normal.png using Guid(b7327252d9c05684ea88c4ae162b060d) Importer(815301076,1909f56bfc062723c751e8b465ee728b)  -> (artifact id: 'ce1e65f65d1da5e361243eaf414248c7') in 0.011580 seconds 
  Import took 0.014546 seconds .

========================================================================
Received Import Request.
  Time since last request: 0.000258 seconds.
  path: Assets/textures/TexturesCom_Roofing_Bitumen4_2K_roughness.png
  artifactKey: Guid(71877813e5f55744ca583013f86d7d2e) Importer(815301076,1909f56bfc062723c751e8b465ee728b)
Start importing Assets/textures/TexturesCom_Roofing_Bitumen4_2K_roughness.png using Guid(71877813e5f55744ca583013f86d7d2e) Importer(815301076,1909f56bfc062723c751e8b465ee728b)  -> (artifact id: '45ef2905af4d30756f22f2b83521b222') in 0.018155 seconds 
  Import took 0.021213 seconds .

========================================================================
Received Import Request.
  Time since last request: 0.000237 seconds.
  path: Assets/textures/TexturesCom_Roofing_Bitumen4_2K_albedo.png
  artifactKey: Guid(8af9624a5d9e90347b391f32335fa2cb) Importer(815301076,1909f56bfc062723c751e8b465ee728b)
Start importing Assets/textures/TexturesCom_Roofing_Bitumen4_2K_albedo.png using Guid(8af9624a5d9e90347b391f32335fa2cb) Importer(815301076,1909f56bfc062723c751e8b465ee728b)  -> (artifact id: '310e28a4caf8e1b737bc068bd8ab1e67') in 0.011026 seconds 
  Import took 0.014686 seconds .

========================================================================
Received Import Request.
  Time since last request: 0.000226 seconds.
  path: Assets/textures/TexturesCom_WoodEnds0019_2_M.jpeg
  artifactKey: Guid(ed61bf0fcfd06174f82f977e19688276) Importer(815301076,1909f56bfc062723c751e8b465ee728b)
Start importing Assets/textures/TexturesCom_WoodEnds0019_2_M.jpeg using Guid(ed61bf0fcfd06174f82f977e19688276) Importer(815301076,1909f56bfc062723c751e8b465ee728b)  -> (artifact id: 'e2831183a53cb1b5063456bdafa5f740') in 0.012017 seconds 
  Import took 0.014794 seconds .

========================================================================
Received Import Request.
  Time since last request: 0.000232 seconds.
  path: Assets/textures/TexturesCom_TreeBark_512_normal.jpg
  artifactKey: Guid(9cd6eb4e5880311429c9cc2da71950d5) Importer(815301076,1909f56bfc062723c751e8b465ee728b)
Start importing Assets/textures/TexturesCom_TreeBark_512_normal.jpg using Guid(9cd6eb4e5880311429c9cc2da71950d5) Importer(815301076,1909f56bfc062723c751e8b465ee728b)  -> (artifact id: '7706b9f1c5c338c379c50a79d6b7b631') in 0.013359 seconds 
  Import took 0.016479 seconds .

AssetImportWorkerClient::OnTransportError - code=2 error=End of file
