Using pre-set license
Built from '2020.3/staging' branch; Version is '2020.3.28f1 (f5400f52e03f) revision 16072719'; Using compiler version '192528614'; Build Type 'Release'
OS: 'Windows 11  (10.0.22000) 64bit Professional' Language: 'en' Physical Memory: 8101 MB
BatchMode: 1, IsHumanControllingUs: 0, StartBugReporterOnCrash: 0, Is64bit: 1, IsPro: 0

COMMAND LINE ARGUMENTS:
C:\Program Files\Unity\Hub\Editor\2020.3.28f1\Editor\Unity.exe
-adb2
-batchMode
-noUpm
-name
AssetImportWorker0
-projectPath
C:/Users/Vinayak/Documents/GitHub/GameDev_Vinayak/ASS
-logFile
Logs/AssetImportWorker0.log
-srvPort
52285
Successfully changed project path to: C:/Users/Vinayak/Documents/GitHub/GameDev_Vinayak/ASS
C:/Users/Vinayak/Documents/GitHub/GameDev_Vinayak/ASS
Using Asset Import Pipeline V2.
Refreshing native plugins compatible for Editor in 72.81 ms, found 2 plugins.
Preloading 0 native plugins for Editor in 0.00 ms.
Initialize engine version: 2020.3.28f1 (f5400f52e03f)
[Subsystems] Discovering subsystems at path C:/Program Files/Unity/Hub/Editor/2020.3.28f1/Editor/Data/Resources/UnitySubsystems
[Subsystems] Discovering subsystems at path C:/Users/Vinayak/Documents/GitHub/GameDev_Vinayak/ASS/Assets
GfxDevice: creating device client; threaded=0
Direct3D:
    Version:  Direct3D 11.0 [level 11.1]
    Renderer: NVIDIA GeForce MX150 (ID=0x1d10)
    Vendor:   
    VRAM:     1983 MB
    Driver:   30.0.15.1165
Initialize mono
Mono path[0] = 'C:/Program Files/Unity/Hub/Editor/2020.3.28f1/Editor/Data/Managed'
Mono path[1] = 'C:/Program Files/Unity/Hub/Editor/2020.3.28f1/Editor/Data/MonoBleedingEdge/lib/mono/unityjit'
Mono config path = 'C:/Program Files/Unity/Hub/Editor/2020.3.28f1/Editor/Data/MonoBleedingEdge/etc'
Using monoOptions --debugger-agent=transport=dt_socket,embedding=1,server=y,suspend=n,address=127.0.0.1:56800
Begin MonoManager ReloadAssembly
Registering precompiled unity dll's ...
Register platform support module: C:/Program Files/Unity/Hub/Editor/2020.3.28f1/Editor/Data/PlaybackEngines/WebGLSupport/UnityEditor.WebGL.Extensions.dll
Register platform support module: C:/Program Files/Unity/Hub/Editor/2020.3.28f1/Editor/Data/PlaybackEngines/WindowsStandaloneSupport/UnityEditor.WindowsStandalone.Extensions.dll
Registered in 0.004084 seconds.
Native extension for WindowsStandalone target not found
Native extension for WebGL target not found
Refreshing native plugins compatible for Editor in 146.53 ms, found 2 plugins.
Preloading 0 native plugins for Editor in 0.00 ms.
Mono: successfully reloaded assembly
- Completed reload, in  1.611 seconds
Domain Reload Profiling:
	ReloadAssembly (1612ms)
		BeginReloadAssembly (144ms)
			ExecutionOrderSort (0ms)
			DisableScriptedObjects (0ms)
			BackupInstance (0ms)
			ReleaseScriptingObjects (0ms)
			CreateAndSetChildDomain (2ms)
		EndReloadAssembly (1287ms)
			LoadAssemblies (140ms)
			RebuildTransferFunctionScriptingTraits (0ms)
			SetupTypeCache (396ms)
			ReleaseScriptCaches (0ms)
			RebuildScriptCaches (104ms)
			SetupLoadedEditorAssemblies (499ms)
				LogAssemblyErrors (0ms)
				InitializePlatformSupportModulesInManaged (18ms)
				SetLoadedEditorAssemblies (1ms)
				RefreshPlugins (147ms)
				BeforeProcessingInitializeOnLoad (46ms)
				ProcessInitializeOnLoadAttributes (218ms)
				ProcessInitializeOnLoadMethodAttributes (69ms)
				AfterProcessingInitializeOnLoad (0ms)
				EditorAssembliesLoaded (1ms)
			ExecutionOrderSort2 (0ms)
			AwakeInstancesAfterBackupRestoration (0ms)
Platform modules already initialized, skipping
Registering precompiled user dll's ...
Registered in 0.008845 seconds.
Begin MonoManager ReloadAssembly
Native extension for WindowsStandalone target not found
Native extension for WebGL target not found
Refreshing native plugins compatible for Editor in 0.65 ms, found 2 plugins.
Preloading 0 native plugins for Editor in 0.00 ms.
Mono: successfully reloaded assembly
- Completed reload, in  2.588 seconds
Domain Reload Profiling:
	ReloadAssembly (2590ms)
		BeginReloadAssembly (380ms)
			ExecutionOrderSort (0ms)
			DisableScriptedObjects (13ms)
			BackupInstance (0ms)
			ReleaseScriptingObjects (0ms)
			CreateAndSetChildDomain (45ms)
		EndReloadAssembly (2033ms)
			LoadAssemblies (246ms)
			RebuildTransferFunctionScriptingTraits (0ms)
			SetupTypeCache (698ms)
			ReleaseScriptCaches (1ms)
			RebuildScriptCaches (119ms)
			SetupLoadedEditorAssemblies (768ms)
				LogAssemblyErrors (0ms)
				InitializePlatformSupportModulesInManaged (14ms)
				SetLoadedEditorAssemblies (1ms)
				RefreshPlugins (1ms)
				BeforeProcessingInitializeOnLoad (227ms)
				ProcessInitializeOnLoadAttributes (490ms)
				ProcessInitializeOnLoadMethodAttributes (22ms)
				AfterProcessingInitializeOnLoad (10ms)
				EditorAssembliesLoaded (1ms)
			ExecutionOrderSort2 (0ms)
			AwakeInstancesAfterBackupRestoration (17ms)
Platform modules already initialized, skipping
========================================================================
Worker process is ready to serve import requests
Launched and connected shader compiler UnityShaderCompiler.exe after 0.09 seconds
Refreshing native plugins compatible for Editor in 0.74 ms, found 2 plugins.
Preloading 0 native plugins for Editor in 0.00 ms.
Unloading 1502 Unused Serialized files (Serialized files now loaded: 0)
System memory in use before: 67.5 MB.
System memory in use after: 67.6 MB.

Unloading 19 unused Assets to reduce memory usage. Loaded Objects now: 1934.
Total: 5.769600 ms (FindLiveObjects: 0.241000 ms CreateObjectMapping: 0.138200 ms MarkObjects: 5.248600 ms  DeleteObjects: 0.139800 ms)

AssetImportParameters requested are different than current active one (requested -> active):
  custom:framework-win-MediaFoundation: 216162199b28c13a410421893ffa2e32 -> 
  custom:video-decoder-ogg-theora: a1e56fd34408186e4bbccfd4996cb3dc -> 
  custom:container-muxer-webm: aa71ff27fc2769a1b78a27578f13a17b -> 
  custom:container-demuxer-webm: 4f35f7cbe854078d1ac9338744f61a02 -> 
  custom:container-demuxer-ogg: 62fdf1f143b41e24485cea50d1cbac27 -> 
  custom:video-encoder-webm-vp8: eb34c28f22e8b96e1ab97ce403110664 -> 
  custom:video-decoder-webm-vp8: 9c59270c3fd7afecdb556c50c9e8de78 -> 
  custom:audio-decoder-ogg-vorbis: bf7c407c2cedff20999df2af8eb42d56 -> 
  custom:audio-encoder-webm-vorbis: bf7c407c2cedff20999df2af8eb42d56 -> 
========================================================================
Received Import Request.
  path: Assets/Scenes
  artifactKey: Guid(58e22ba8937076a4ba4fbbbb0cee0a7f) Importer(815301076,1909f56bfc062723c751e8b465ee728b)
Start importing Assets/Scenes using Guid(58e22ba8937076a4ba4fbbbb0cee0a7f) Importer(815301076,1909f56bfc062723c751e8b465ee728b)  -> (artifact id: 'f0d44a34007cf97b24d101e1905faa0a') in 0.015486 seconds 
  Import took 0.020186 seconds .

========================================================================
Received Import Request.
  Time since last request: 173.816498 seconds.
  path: Assets/cabin.obj
  artifactKey: Guid(e5afdcb2fa8d6074b8c47d39b0980313) Importer(815301076,1909f56bfc062723c751e8b465ee728b)
Start importing Assets/cabin.obj using Guid(e5afdcb2fa8d6074b8c47d39b0980313) Importer(815301076,1909f56bfc062723c751e8b465ee728b)  -> (artifact id: '7d0b45e0b7dcd7ada56bb8a1b44065c5') in 0.580425 seconds 
  Import took 0.589408 seconds .

========================================================================
Received Import Request.
  Time since last request: 39.665219 seconds.
  path: Assets/cabin.obj
  artifactKey: Guid(e5afdcb2fa8d6074b8c47d39b0980313) Importer(815301076,1909f56bfc062723c751e8b465ee728b)
Start importing Assets/cabin.obj using Guid(e5afdcb2fa8d6074b8c47d39b0980313) Importer(815301076,1909f56bfc062723c751e8b465ee728b)  -> (artifact id: 'aac016e1bcd2b6b7be6474d84e2ac5a6') in 0.161487 seconds 
  Import took 0.170625 seconds .

========================================================================
Received Import Request.
  Time since last request: 21.594897 seconds.
  path: Assets/textures
  artifactKey: Guid(332cd27becbc9fb44bc7df9919819a09) Importer(815301076,1909f56bfc062723c751e8b465ee728b)
Start importing Assets/textures using Guid(332cd27becbc9fb44bc7df9919819a09) Importer(815301076,1909f56bfc062723c751e8b465ee728b)  -> (artifact id: '02f8b95eae8190c1379e577b7ca97bf7') in 0.011430 seconds 
  Import took 0.016538 seconds .

========================================================================
Received Import Request.
  Time since last request: 5.147259 seconds.
  path: Assets/Textures
  artifactKey: Guid(332cd27becbc9fb44bc7df9919819a09) Importer(815301076,1909f56bfc062723c751e8b465ee728b)
Start importing Assets/Textures using Guid(332cd27becbc9fb44bc7df9919819a09) Importer(815301076,1909f56bfc062723c751e8b465ee728b)  -> (artifact id: 'b70d30a9c8cc2d2eb1f2625f4c8d670a') in 0.012706 seconds 
  Import took 0.017600 seconds .

========================================================================
Received Import Request.
  Time since last request: 29.436748 seconds.
  path: Assets/cabin.obj
  artifactKey: Guid(e5afdcb2fa8d6074b8c47d39b0980313) Importer(815301076,1909f56bfc062723c751e8b465ee728b)
Start importing Assets/cabin.obj using Guid(e5afdcb2fa8d6074b8c47d39b0980313) Importer(815301076,1909f56bfc062723c751e8b465ee728b)  -> (artifact id: 'd29c47327baf6b4fe7f3f82f74311576') in 0.489791 seconds 
  Import took 0.498271 seconds .

========================================================================
Received Import Request.
  Time since last request: 8.313826 seconds.
  path: Assets/cabin.mtl
  artifactKey: Guid(39eaeb6fa3d77444e963b12406d825b3) Importer(815301076,1909f56bfc062723c751e8b465ee728b)
Start importing Assets/cabin.mtl using Guid(39eaeb6fa3d77444e963b12406d825b3) Importer(815301076,1909f56bfc062723c751e8b465ee728b)  -> (artifact id: 'df5b3143a3ee6b34750503dac455192f') in 0.011942 seconds 
  Import took 0.017642 seconds .

========================================================================
Received Import Request.
  Time since last request: 94.613221 seconds.
  path: Assets/cabin.obj
  artifactKey: Guid(e5afdcb2fa8d6074b8c47d39b0980313) Importer(815301076,1909f56bfc062723c751e8b465ee728b)
Start importing Assets/cabin.obj using Guid(e5afdcb2fa8d6074b8c47d39b0980313) Importer(815301076,1909f56bfc062723c751e8b465ee728b)  -> (artifact id: '506a2f527cff6952d694b26dac35016c') in 0.171246 seconds 
  Import took 0.182599 seconds .

========================================================================
Received Import Request.
  Time since last request: 28.353898 seconds.
  path: Assets/Materials
  artifactKey: Guid(98fe2975dc21e724bad345378a107d42) Importer(815301076,1909f56bfc062723c751e8b465ee728b)
Start importing Assets/Materials using Guid(98fe2975dc21e724bad345378a107d42) Importer(815301076,1909f56bfc062723c751e8b465ee728b)  -> (artifact id: '9613ae59d5344a6ee25c25c4c952ddd9') in 0.013178 seconds 
  Import took 0.019196 seconds .

========================================================================
Received Import Request.
  Time since last request: 0.093910 seconds.
  path: Assets/Materials/_nail.003.mat
  artifactKey: Guid(eb6c0074cbc6a0546807e44608ccadc3) Importer(815301076,1909f56bfc062723c751e8b465ee728b)
Start importing Assets/Materials/_nail.003.mat using Guid(eb6c0074cbc6a0546807e44608ccadc3) Importer(815301076,1909f56bfc062723c751e8b465ee728b)  -> (artifact id: '1c614a99cc650324c6b4c4496ca201ae') in 0.078600 seconds 
  Import took 0.083615 seconds .

========================================================================
Received Import Request.
  Time since last request: 0.000537 seconds.
  path: Assets/Materials/Prism_Glass_small.001.mat
  artifactKey: Guid(bc0e71526da558444985b823262de14e) Importer(815301076,1909f56bfc062723c751e8b465ee728b)
Start importing Assets/Materials/Prism_Glass_small.001.mat using Guid(bc0e71526da558444985b823262de14e) Importer(815301076,1909f56bfc062723c751e8b465ee728b)  -> (artifact id: 'b5959d8dd58dc0c896eb871fc2b89312') in 0.026462 seconds 
  Import took 0.031410 seconds .

========================================================================
Received Import Request.
  Time since last request: 0.000508 seconds.
  path: Assets/Materials/concrete_pebbles.001.mat
  artifactKey: Guid(2276b69f1db2d534486f541ec9300162) Importer(815301076,1909f56bfc062723c751e8b465ee728b)
Start importing Assets/Materials/concrete_pebbles.001.mat using Guid(2276b69f1db2d534486f541ec9300162) Importer(815301076,1909f56bfc062723c751e8b465ee728b)  -> (artifact id: 'eb251da3eea05bf517d49b9ffd521256') in 0.026880 seconds 
  Import took 0.031855 seconds .

========================================================================
Received Import Request.
  Time since last request: 0.000600 seconds.
  path: Assets/Materials/Prism_Glass.006.mat
  artifactKey: Guid(dcb9daf56d2864b4192974c6fc9b7ae9) Importer(815301076,1909f56bfc062723c751e8b465ee728b)
Start importing Assets/Materials/Prism_Glass.006.mat using Guid(dcb9daf56d2864b4192974c6fc9b7ae9) Importer(815301076,1909f56bfc062723c751e8b465ee728b)  -> (artifact id: '54b03c6ef4fd11754666fb2bb9f88cfd') in 0.025445 seconds 
  Import took 0.030457 seconds .

========================================================================
Received Import Request.
  Time since last request: 0.000535 seconds.
  path: Assets/Materials/paper.001.mat
  artifactKey: Guid(b0df6c44e4c8acb40823290c84b54836) Importer(815301076,1909f56bfc062723c751e8b465ee728b)
Start importing Assets/Materials/paper.001.mat using Guid(b0df6c44e4c8acb40823290c84b54836) Importer(815301076,1909f56bfc062723c751e8b465ee728b)  -> (artifact id: '8941385723dd4f813898013cccccbfda') in 0.025867 seconds 
  Import took 0.031588 seconds .

========================================================================
Received Import Request.
  Time since last request: 0.000558 seconds.
  path: Assets/Materials/door_w_frame.001.mat
  artifactKey: Guid(da11a44124acd9841bb6e9cc174a4eb1) Importer(815301076,1909f56bfc062723c751e8b465ee728b)
Start importing Assets/Materials/door_w_frame.001.mat using Guid(da11a44124acd9841bb6e9cc174a4eb1) Importer(815301076,1909f56bfc062723c751e8b465ee728b)  -> (artifact id: '8beec33625668bfa848950e401724359') in 0.026164 seconds 
  Import took 0.031182 seconds .

========================================================================
Received Import Request.
  Time since last request: 0.000496 seconds.
  path: Assets/Materials/Logs.001.mat
  artifactKey: Guid(69bfc2d0a42d24243b59c018cab3a89f) Importer(815301076,1909f56bfc062723c751e8b465ee728b)
Start importing Assets/Materials/Logs.001.mat using Guid(69bfc2d0a42d24243b59c018cab3a89f) Importer(815301076,1909f56bfc062723c751e8b465ee728b)  -> (artifact id: 'e59b36b824f101f347fff51b0aa6a326') in 0.024622 seconds 
  Import took 0.029928 seconds .

========================================================================
Received Import Request.
  Time since last request: 0.000562 seconds.
  path: Assets/Materials/cut_processed_wood.001.mat
  artifactKey: Guid(0bb0c79073b9e4b438484d7efda34576) Importer(815301076,1909f56bfc062723c751e8b465ee728b)
Start importing Assets/Materials/cut_processed_wood.001.mat using Guid(0bb0c79073b9e4b438484d7efda34576) Importer(815301076,1909f56bfc062723c751e8b465ee728b)  -> (artifact id: '19faf1246ef294b04755e188f5190a3c') in 0.024561 seconds 
  Import took 0.030127 seconds .

========================================================================
Received Import Request.
  Time since last request: 0.000578 seconds.
  path: Assets/Materials/_nail.005.mat
  artifactKey: Guid(e165601ee5865cd41ab23ee4e43b10d0) Importer(815301076,1909f56bfc062723c751e8b465ee728b)
Start importing Assets/Materials/_nail.005.mat using Guid(e165601ee5865cd41ab23ee4e43b10d0) Importer(815301076,1909f56bfc062723c751e8b465ee728b)  -> (artifact id: 'd6333859ff99d4d5da76d2187691dd5b') in 0.025427 seconds 
  Import took 0.031190 seconds .

========================================================================
Received Import Request.
  Time since last request: 0.000509 seconds.
  path: Assets/Materials/_nail.004.mat
  artifactKey: Guid(555892c06ecef9249b3e7157cb2bb239) Importer(815301076,1909f56bfc062723c751e8b465ee728b)
Start importing Assets/Materials/_nail.004.mat using Guid(555892c06ecef9249b3e7157cb2bb239) Importer(815301076,1909f56bfc062723c751e8b465ee728b)  -> (artifact id: '25b22d494490d31de3fbe7b37b427752') in 0.048747 seconds 
  Import took 0.057392 seconds .

========================================================================
Received Import Request.
  Time since last request: 0.000997 seconds.
  path: Assets/Materials/Prism_Glass_medium.001.mat
  artifactKey: Guid(b3a3d27b5ac813b4bb7dd64294130ce6) Importer(815301076,1909f56bfc062723c751e8b465ee728b)
Start importing Assets/Materials/Prism_Glass_medium.001.mat using Guid(b3a3d27b5ac813b4bb7dd64294130ce6) Importer(815301076,1909f56bfc062723c751e8b465ee728b)  -> (artifact id: 'b5b8aa2432512629833d4e39167f63b5') in 0.049424 seconds 
  Import took 0.057589 seconds .

========================================================================
Received Import Request.
  Time since last request: 0.000684 seconds.
  path: Assets/Materials/Prism_Glass.007.mat
  artifactKey: Guid(2910eee4f21cf7c48b5d4f416d1df9b4) Importer(815301076,1909f56bfc062723c751e8b465ee728b)
Start importing Assets/Materials/Prism_Glass.007.mat using Guid(2910eee4f21cf7c48b5d4f416d1df9b4) Importer(815301076,1909f56bfc062723c751e8b465ee728b)  -> (artifact id: '43f4d17fcaca5df1cad09464f3d939da') in 0.034256 seconds 
  Import took 0.041174 seconds .

========================================================================
Received Import Request.
  Time since last request: 0.000675 seconds.
  path: Assets/Materials/Logs_end.001.mat
  artifactKey: Guid(58afc5c035d52304bb015a06bf304339) Importer(815301076,1909f56bfc062723c751e8b465ee728b)
Start importing Assets/Materials/Logs_end.001.mat using Guid(58afc5c035d52304bb015a06bf304339) Importer(815301076,1909f56bfc062723c751e8b465ee728b)  -> (artifact id: 'bbbcb820780c57fb368f959908e655b0') in 0.031834 seconds 
  Import took 0.038297 seconds .

========================================================================
Received Import Request.
  Time since last request: 0.000677 seconds.
  path: Assets/Materials/galvanized steel.001_basecolor.mat
  artifactKey: Guid(19eeddcdd5a8210499acad15929c4ed7) Importer(815301076,1909f56bfc062723c751e8b465ee728b)
Start importing Assets/Materials/galvanized steel.001_basecolor.mat using Guid(19eeddcdd5a8210499acad15929c4ed7) Importer(815301076,1909f56bfc062723c751e8b465ee728b)  -> (artifact id: 'f47cb2b79cc72092f27323777448b331') in 0.034391 seconds 
  Import took 0.040703 seconds .

========================================================================
Received Import Request.
  Time since last request: 0.000630 seconds.
  path: Assets/Materials/Logs_big.001.mat
  artifactKey: Guid(d47582832a8f9634fac9ff5a44930c6a) Importer(815301076,1909f56bfc062723c751e8b465ee728b)
Start importing Assets/Materials/Logs_big.001.mat using Guid(d47582832a8f9634fac9ff5a44930c6a) Importer(815301076,1909f56bfc062723c751e8b465ee728b)  -> (artifact id: 'd14b972de1e098412dba6c6ef3939d98') in 0.025461 seconds 
  Import took 0.030668 seconds .

========================================================================
Received Import Request.
  Time since last request: 0.000529 seconds.
  path: Assets/Materials/door_glass.001.mat
  artifactKey: Guid(f6d6454750b63aa46a4d831aa3e5f3bb) Importer(815301076,1909f56bfc062723c751e8b465ee728b)
Start importing Assets/Materials/door_glass.001.mat using Guid(f6d6454750b63aa46a4d831aa3e5f3bb) Importer(815301076,1909f56bfc062723c751e8b465ee728b)  -> (artifact id: '1a53e305273915dfd10328b3785580f5') in 0.025645 seconds 
  Import took 0.030864 seconds .

========================================================================
Received Import Request.
  Time since last request: 80.763890 seconds.
  path: Assets/Textures/galvanized steel.001_basecolor.png
  artifactKey: Guid(04c84ebf78c67c14ea108a70c6a410ef) Importer(815301076,1909f56bfc062723c751e8b465ee728b)
Start importing Assets/Textures/galvanized steel.001_basecolor.png using Guid(04c84ebf78c67c14ea108a70c6a410ef) Importer(815301076,1909f56bfc062723c751e8b465ee728b)  -> (artifact id: '381012490dc0d82dc8a7eb76a242dbba') in 0.060121 seconds 
  Import took 0.065577 seconds .

========================================================================
Received Import Request.
  Time since last request: 0.000568 seconds.
  path: Assets/Textures/Mossy_bark_02_4K_Roughness.png
  artifactKey: Guid(907450204c8dd8948a3d9effe8f16e1a) Importer(815301076,1909f56bfc062723c751e8b465ee728b)
Start importing Assets/Textures/Mossy_bark_02_4K_Roughness.png using Guid(907450204c8dd8948a3d9effe8f16e1a) Importer(815301076,1909f56bfc062723c751e8b465ee728b)  -> (artifact id: 'b91a20164089c4aae2fc92bf1934ff15') in 0.029580 seconds 
  Import took 0.035734 seconds .

========================================================================
Received Import Request.
  Time since last request: 0.000552 seconds.
  path: Assets/Textures/se4rwei_4K_Normal.jpeg
  artifactKey: Guid(8976ebb7d3a25ea45acf0d612f00696f) Importer(815301076,1909f56bfc062723c751e8b465ee728b)
Start importing Assets/Textures/se4rwei_4K_Normal.jpeg using Guid(8976ebb7d3a25ea45acf0d612f00696f) Importer(815301076,1909f56bfc062723c751e8b465ee728b)  -> (artifact id: 'f17c51a1e0e9a4ffa8c77822fdc78d27') in 0.030255 seconds 
  Import took 0.035649 seconds .

========================================================================
Received Import Request.
  Time since last request: 0.000565 seconds.
  path: Assets/Textures/TexturesCom_ConcretewPebbles_1x1_512_albedo.png
  artifactKey: Guid(ce0aec8b55e63e5498530192b4f352ba) Importer(815301076,1909f56bfc062723c751e8b465ee728b)
Start importing Assets/Textures/TexturesCom_ConcretewPebbles_1x1_512_albedo.png using Guid(ce0aec8b55e63e5498530192b4f352ba) Importer(815301076,1909f56bfc062723c751e8b465ee728b)  -> (artifact id: 'f8ddb7b0cab7818716fba24f16d3e306') in 0.026669 seconds 
  Import took 0.033914 seconds .

========================================================================
Received Import Request.
  Time since last request: 0.000587 seconds.
  path: Assets/Textures/TexturesCom_Concrete2_2x2_1K_normal.png
  artifactKey: Guid(c6b76056c2c76c541855bc12953968fb) Importer(815301076,1909f56bfc062723c751e8b465ee728b)
Start importing Assets/Textures/TexturesCom_Concrete2_2x2_1K_normal.png using Guid(c6b76056c2c76c541855bc12953968fb) Importer(815301076,1909f56bfc062723c751e8b465ee728b)  -> (artifact id: '135aaaf1ed47beb58c6ef7e946611712') in 0.025351 seconds 
  Import took 0.030488 seconds .

========================================================================
Received Import Request.
  Time since last request: 0.000521 seconds.
  path: Assets/Textures/sfknaeoa_4K_Albedo.jpeg
  artifactKey: Guid(2c1b4d264678e0243b3681c2079ae94b) Importer(815301076,1909f56bfc062723c751e8b465ee728b)
Start importing Assets/Textures/sfknaeoa_4K_Albedo.jpeg using Guid(2c1b4d264678e0243b3681c2079ae94b) Importer(815301076,1909f56bfc062723c751e8b465ee728b)  -> (artifact id: 'c5cb27282042cf8a03ecf85c00670e2e') in 0.025227 seconds 
  Import took 0.031820 seconds .

========================================================================
Received Import Request.
  Time since last request: 0.000557 seconds.
  path: Assets/Textures/galvanized steel.001_normal.png
  artifactKey: Guid(3694f11aeacbf6d4bb77542f27d9f651) Importer(815301076,1909f56bfc062723c751e8b465ee728b)
Start importing Assets/Textures/galvanized steel.001_normal.png using Guid(3694f11aeacbf6d4bb77542f27d9f651) Importer(815301076,1909f56bfc062723c751e8b465ee728b)  -> (artifact id: '4c73e7826d1223775566037e44633ad1') in 0.023748 seconds 
  Import took 0.028975 seconds .

========================================================================
Received Import Request.
  Time since last request: 0.000581 seconds.
  path: Assets/Textures/galvanized steel.001_roughness.png
  artifactKey: Guid(11278b76af1a8224eada80ca8a032d79) Importer(815301076,1909f56bfc062723c751e8b465ee728b)
Start importing Assets/Textures/galvanized steel.001_roughness.png using Guid(11278b76af1a8224eada80ca8a032d79) Importer(815301076,1909f56bfc062723c751e8b465ee728b)  -> (artifact id: 'fef523145b622c2e1edc62aa1ec64a1b') in 0.022721 seconds 
  Import took 0.028008 seconds .

AssetImportWorkerClient::OnTransportError - code=2 error=End of file
