Using pre-set license
Built from '2020.3/staging' branch; Version is '2020.3.28f1 (f5400f52e03f) revision 16072719'; Using compiler version '192528614'; Build Type 'Release'
OS: 'Windows 11  (10.0.22000) 64bit Professional' Language: 'en' Physical Memory: 8101 MB
BatchMode: 1, IsHumanControllingUs: 0, StartBugReporterOnCrash: 0, Is64bit: 1, IsPro: 0

COMMAND LINE ARGUMENTS:
C:\Program Files\Unity\Hub\Editor\2020.3.28f1\Editor\Unity.exe
-adb2
-batchMode
-noUpm
-name
AssetImportWorker0
-projectPath
C:/Users/Vinayak/Documents/GitHub/GameDev_Vinayak/ASS
-logFile
Logs/AssetImportWorker0.log
-srvPort
52337
Successfully changed project path to: C:/Users/Vinayak/Documents/GitHub/GameDev_Vinayak/ASS
C:/Users/Vinayak/Documents/GitHub/GameDev_Vinayak/ASS
Using Asset Import Pipeline V2.
Refreshing native plugins compatible for Editor in 79.32 ms, found 2 plugins.
Preloading 0 native plugins for Editor in 0.00 ms.
Initialize engine version: 2020.3.28f1 (f5400f52e03f)
[Subsystems] Discovering subsystems at path C:/Program Files/Unity/Hub/Editor/2020.3.28f1/Editor/Data/Resources/UnitySubsystems
[Subsystems] Discovering subsystems at path C:/Users/Vinayak/Documents/GitHub/GameDev_Vinayak/ASS/Assets
GfxDevice: creating device client; threaded=0
Direct3D:
    Version:  Direct3D 11.0 [level 11.1]
    Renderer: NVIDIA GeForce MX150 (ID=0x1d10)
    Vendor:   
    VRAM:     1983 MB
    Driver:   30.0.15.1165
Initialize mono
Mono path[0] = 'C:/Program Files/Unity/Hub/Editor/2020.3.28f1/Editor/Data/Managed'
Mono path[1] = 'C:/Program Files/Unity/Hub/Editor/2020.3.28f1/Editor/Data/MonoBleedingEdge/lib/mono/unityjit'
Mono config path = 'C:/Program Files/Unity/Hub/Editor/2020.3.28f1/Editor/Data/MonoBleedingEdge/etc'
Using monoOptions --debugger-agent=transport=dt_socket,embedding=1,server=y,suspend=n,address=127.0.0.1:56272
Begin MonoManager ReloadAssembly
Registering precompiled unity dll's ...
Register platform support module: C:/Program Files/Unity/Hub/Editor/2020.3.28f1/Editor/Data/PlaybackEngines/WebGLSupport/UnityEditor.WebGL.Extensions.dll
Register platform support module: C:/Program Files/Unity/Hub/Editor/2020.3.28f1/Editor/Data/PlaybackEngines/WindowsStandaloneSupport/UnityEditor.WindowsStandalone.Extensions.dll
Registered in 0.004026 seconds.
Native extension for WindowsStandalone target not found
Native extension for WebGL target not found
Refreshing native plugins compatible for Editor in 69.28 ms, found 2 plugins.
Preloading 0 native plugins for Editor in 0.00 ms.
Mono: successfully reloaded assembly
- Completed reload, in  1.445 seconds
Domain Reload Profiling:
	ReloadAssembly (1445ms)
		BeginReloadAssembly (161ms)
			ExecutionOrderSort (0ms)
			DisableScriptedObjects (0ms)
			BackupInstance (0ms)
			ReleaseScriptingObjects (0ms)
			CreateAndSetChildDomain (3ms)
		EndReloadAssembly (1094ms)
			LoadAssemblies (157ms)
			RebuildTransferFunctionScriptingTraits (0ms)
			SetupTypeCache (363ms)
			ReleaseScriptCaches (0ms)
			RebuildScriptCaches (89ms)
			SetupLoadedEditorAssemblies (394ms)
				LogAssemblyErrors (0ms)
				InitializePlatformSupportModulesInManaged (13ms)
				SetLoadedEditorAssemblies (1ms)
				RefreshPlugins (69ms)
				BeforeProcessingInitializeOnLoad (32ms)
				ProcessInitializeOnLoadAttributes (210ms)
				ProcessInitializeOnLoadMethodAttributes (68ms)
				AfterProcessingInitializeOnLoad (0ms)
				EditorAssembliesLoaded (1ms)
			ExecutionOrderSort2 (0ms)
			AwakeInstancesAfterBackupRestoration (0ms)
Platform modules already initialized, skipping
Registering precompiled user dll's ...
Registered in 0.009295 seconds.
Begin MonoManager ReloadAssembly
Native extension for WindowsStandalone target not found
Native extension for WebGL target not found
Refreshing native plugins compatible for Editor in 0.66 ms, found 2 plugins.
Preloading 0 native plugins for Editor in 0.00 ms.
Mono: successfully reloaded assembly
- Completed reload, in  2.450 seconds
Domain Reload Profiling:
	ReloadAssembly (2452ms)
		BeginReloadAssembly (346ms)
			ExecutionOrderSort (0ms)
			DisableScriptedObjects (12ms)
			BackupInstance (0ms)
			ReleaseScriptingObjects (0ms)
			CreateAndSetChildDomain (44ms)
		EndReloadAssembly (1956ms)
			LoadAssemblies (204ms)
			RebuildTransferFunctionScriptingTraits (0ms)
			SetupTypeCache (648ms)
			ReleaseScriptCaches (1ms)
			RebuildScriptCaches (117ms)
			SetupLoadedEditorAssemblies (772ms)
				LogAssemblyErrors (0ms)
				InitializePlatformSupportModulesInManaged (14ms)
				SetLoadedEditorAssemblies (1ms)
				RefreshPlugins (1ms)
				BeforeProcessingInitializeOnLoad (230ms)
				ProcessInitializeOnLoadAttributes (494ms)
				ProcessInitializeOnLoadMethodAttributes (22ms)
				AfterProcessingInitializeOnLoad (10ms)
				EditorAssembliesLoaded (1ms)
			ExecutionOrderSort2 (0ms)
			AwakeInstancesAfterBackupRestoration (17ms)
Platform modules already initialized, skipping
========================================================================
Worker process is ready to serve import requests
Launched and connected shader compiler UnityShaderCompiler.exe after 0.09 seconds
Refreshing native plugins compatible for Editor in 0.85 ms, found 2 plugins.
Preloading 0 native plugins for Editor in 0.00 ms.
Unloading 1502 Unused Serialized files (Serialized files now loaded: 0)
System memory in use before: 68.6 MB.
System memory in use after: 68.7 MB.

Unloading 19 unused Assets to reduce memory usage. Loaded Objects now: 1934.
Total: 6.485700 ms (FindLiveObjects: 0.264900 ms CreateObjectMapping: 0.100000 ms MarkObjects: 5.981700 ms  DeleteObjects: 0.136700 ms)

AssetImportParameters requested are different than current active one (requested -> active):
  custom:framework-win-MediaFoundation: 216162199b28c13a410421893ffa2e32 -> 
  custom:video-decoder-ogg-theora: a1e56fd34408186e4bbccfd4996cb3dc -> 
  custom:container-muxer-webm: aa71ff27fc2769a1b78a27578f13a17b -> 
  custom:container-demuxer-webm: 4f35f7cbe854078d1ac9338744f61a02 -> 
  custom:container-demuxer-ogg: 62fdf1f143b41e24485cea50d1cbac27 -> 
  custom:video-encoder-webm-vp8: eb34c28f22e8b96e1ab97ce403110664 -> 
  custom:video-decoder-webm-vp8: 9c59270c3fd7afecdb556c50c9e8de78 -> 
  custom:audio-decoder-ogg-vorbis: bf7c407c2cedff20999df2af8eb42d56 -> 
  custom:audio-encoder-webm-vorbis: bf7c407c2cedff20999df2af8eb42d56 -> 
========================================================================
Received Import Request.
  path: Assets/cabin.obj
  artifactKey: Guid(e5afdcb2fa8d6074b8c47d39b0980313) Importer(815301076,1909f56bfc062723c751e8b465ee728b)
Start importing Assets/cabin.obj using Guid(e5afdcb2fa8d6074b8c47d39b0980313) Importer(815301076,1909f56bfc062723c751e8b465ee728b)  -> (artifact id: '7ad56df7a77e3d6e3af8fc863228ea50') in 0.572781 seconds 
  Import took 0.581769 seconds .

========================================================================
Received Import Request.
  Time since last request: 3.793249 seconds.
  path: Assets/Materials
  artifactKey: Guid(98fe2975dc21e724bad345378a107d42) Importer(815301076,1909f56bfc062723c751e8b465ee728b)
Start importing Assets/Materials using Guid(98fe2975dc21e724bad345378a107d42) Importer(815301076,1909f56bfc062723c751e8b465ee728b)  -> (artifact id: '9613ae59d5344a6ee25c25c4c952ddd9') in 0.011283 seconds 
  Import took 0.016518 seconds .

========================================================================
Received Import Request.
  Time since last request: 13.747534 seconds.
  path: Assets/Materials/_nail.003.mat
  artifactKey: Guid(eb6c0074cbc6a0546807e44608ccadc3) Importer(815301076,1909f56bfc062723c751e8b465ee728b)
Start importing Assets/Materials/_nail.003.mat using Guid(eb6c0074cbc6a0546807e44608ccadc3) Importer(815301076,1909f56bfc062723c751e8b465ee728b)  -> (artifact id: '1c614a99cc650324c6b4c4496ca201ae') in 0.112646 seconds 
  Import took 0.118348 seconds .

========================================================================
Received Import Request.
  Time since last request: 0.000472 seconds.
  path: Assets/Materials/Prism_Glass_small.001.mat
  artifactKey: Guid(bc0e71526da558444985b823262de14e) Importer(815301076,1909f56bfc062723c751e8b465ee728b)
Start importing Assets/Materials/Prism_Glass_small.001.mat using Guid(bc0e71526da558444985b823262de14e) Importer(815301076,1909f56bfc062723c751e8b465ee728b)  -> (artifact id: 'b5959d8dd58dc0c896eb871fc2b89312') in 0.024155 seconds 
  Import took 0.029259 seconds .

========================================================================
Received Import Request.
  Time since last request: 0.000615 seconds.
  path: Assets/Materials/concrete_pebbles.001.mat
  artifactKey: Guid(2276b69f1db2d534486f541ec9300162) Importer(815301076,1909f56bfc062723c751e8b465ee728b)
Start importing Assets/Materials/concrete_pebbles.001.mat using Guid(2276b69f1db2d534486f541ec9300162) Importer(815301076,1909f56bfc062723c751e8b465ee728b)  -> (artifact id: 'eb251da3eea05bf517d49b9ffd521256') in 0.024189 seconds 
  Import took 0.029517 seconds .

========================================================================
Received Import Request.
  Time since last request: 0.000483 seconds.
  path: Assets/Materials/Prism_Glass.006.mat
  artifactKey: Guid(dcb9daf56d2864b4192974c6fc9b7ae9) Importer(815301076,1909f56bfc062723c751e8b465ee728b)
Start importing Assets/Materials/Prism_Glass.006.mat using Guid(dcb9daf56d2864b4192974c6fc9b7ae9) Importer(815301076,1909f56bfc062723c751e8b465ee728b)  -> (artifact id: '54b03c6ef4fd11754666fb2bb9f88cfd') in 0.018436 seconds 
  Import took 0.024550 seconds .

========================================================================
Received Import Request.
  Time since last request: 0.000561 seconds.
  path: Assets/Materials/paper.001.mat
  artifactKey: Guid(b0df6c44e4c8acb40823290c84b54836) Importer(815301076,1909f56bfc062723c751e8b465ee728b)
Start importing Assets/Materials/paper.001.mat using Guid(b0df6c44e4c8acb40823290c84b54836) Importer(815301076,1909f56bfc062723c751e8b465ee728b)  -> (artifact id: '8941385723dd4f813898013cccccbfda') in 0.026398 seconds 
  Import took 0.031576 seconds .

========================================================================
Received Import Request.
  Time since last request: 0.000509 seconds.
  path: Assets/Materials/door_w_frame.001.mat
  artifactKey: Guid(da11a44124acd9841bb6e9cc174a4eb1) Importer(815301076,1909f56bfc062723c751e8b465ee728b)
Start importing Assets/Materials/door_w_frame.001.mat using Guid(da11a44124acd9841bb6e9cc174a4eb1) Importer(815301076,1909f56bfc062723c751e8b465ee728b)  -> (artifact id: '8beec33625668bfa848950e401724359') in 0.031385 seconds 
  Import took 0.036315 seconds .

========================================================================
Received Import Request.
  Time since last request: 0.000564 seconds.
  path: Assets/Materials/Logs.001.mat
  artifactKey: Guid(69bfc2d0a42d24243b59c018cab3a89f) Importer(815301076,1909f56bfc062723c751e8b465ee728b)
Start importing Assets/Materials/Logs.001.mat using Guid(69bfc2d0a42d24243b59c018cab3a89f) Importer(815301076,1909f56bfc062723c751e8b465ee728b)  -> (artifact id: 'e59b36b824f101f347fff51b0aa6a326') in 0.026049 seconds 
  Import took 0.031100 seconds .

========================================================================
Received Import Request.
  Time since last request: 0.000555 seconds.
  path: Assets/Materials/cut_processed_wood.001.mat
  artifactKey: Guid(0bb0c79073b9e4b438484d7efda34576) Importer(815301076,1909f56bfc062723c751e8b465ee728b)
Start importing Assets/Materials/cut_processed_wood.001.mat using Guid(0bb0c79073b9e4b438484d7efda34576) Importer(815301076,1909f56bfc062723c751e8b465ee728b)  -> (artifact id: '19faf1246ef294b04755e188f5190a3c') in 0.019515 seconds 
  Import took 0.026165 seconds .

========================================================================
Received Import Request.
  Time since last request: 0.000469 seconds.
  path: Assets/Materials/_nail.005.mat
  artifactKey: Guid(e165601ee5865cd41ab23ee4e43b10d0) Importer(815301076,1909f56bfc062723c751e8b465ee728b)
Start importing Assets/Materials/_nail.005.mat using Guid(e165601ee5865cd41ab23ee4e43b10d0) Importer(815301076,1909f56bfc062723c751e8b465ee728b)  -> (artifact id: 'd6333859ff99d4d5da76d2187691dd5b') in 0.026108 seconds 
  Import took 0.031276 seconds .

========================================================================
Received Import Request.
  Time since last request: 0.000538 seconds.
  path: Assets/Materials/_nail.004.mat
  artifactKey: Guid(555892c06ecef9249b3e7157cb2bb239) Importer(815301076,1909f56bfc062723c751e8b465ee728b)
Start importing Assets/Materials/_nail.004.mat using Guid(555892c06ecef9249b3e7157cb2bb239) Importer(815301076,1909f56bfc062723c751e8b465ee728b)  -> (artifact id: '25b22d494490d31de3fbe7b37b427752') in 0.030209 seconds 
  Import took 0.035927 seconds .

========================================================================
Received Import Request.
  Time since last request: 0.000580 seconds.
  path: Assets/Materials/Prism_Glass_medium.001.mat
  artifactKey: Guid(b3a3d27b5ac813b4bb7dd64294130ce6) Importer(815301076,1909f56bfc062723c751e8b465ee728b)
Start importing Assets/Materials/Prism_Glass_medium.001.mat using Guid(b3a3d27b5ac813b4bb7dd64294130ce6) Importer(815301076,1909f56bfc062723c751e8b465ee728b)  -> (artifact id: 'b5b8aa2432512629833d4e39167f63b5') in 0.026189 seconds 
  Import took 0.031547 seconds .

========================================================================
Received Import Request.
  Time since last request: 0.000557 seconds.
  path: Assets/Materials/Prism_Glass.007.mat
  artifactKey: Guid(2910eee4f21cf7c48b5d4f416d1df9b4) Importer(815301076,1909f56bfc062723c751e8b465ee728b)
Start importing Assets/Materials/Prism_Glass.007.mat using Guid(2910eee4f21cf7c48b5d4f416d1df9b4) Importer(815301076,1909f56bfc062723c751e8b465ee728b)  -> (artifact id: '43f4d17fcaca5df1cad09464f3d939da') in 0.027720 seconds 
  Import took 0.033679 seconds .

========================================================================
Received Import Request.
  Time since last request: 0.000566 seconds.
  path: Assets/Materials/Logs_end.001.mat
  artifactKey: Guid(58afc5c035d52304bb015a06bf304339) Importer(815301076,1909f56bfc062723c751e8b465ee728b)
Start importing Assets/Materials/Logs_end.001.mat using Guid(58afc5c035d52304bb015a06bf304339) Importer(815301076,1909f56bfc062723c751e8b465ee728b)  -> (artifact id: 'bbbcb820780c57fb368f959908e655b0') in 0.024521 seconds 
  Import took 0.030316 seconds .

========================================================================
Received Import Request.
  Time since last request: 0.000522 seconds.
  path: Assets/Materials/galvanized steel.001_basecolor.mat
  artifactKey: Guid(19eeddcdd5a8210499acad15929c4ed7) Importer(815301076,1909f56bfc062723c751e8b465ee728b)
Start importing Assets/Materials/galvanized steel.001_basecolor.mat using Guid(19eeddcdd5a8210499acad15929c4ed7) Importer(815301076,1909f56bfc062723c751e8b465ee728b)  -> (artifact id: 'f47cb2b79cc72092f27323777448b331') in 0.029740 seconds 
  Import took 0.034923 seconds .

========================================================================
Received Import Request.
  Time since last request: 0.000567 seconds.
  path: Assets/Materials/Logs_big.001.mat
  artifactKey: Guid(d47582832a8f9634fac9ff5a44930c6a) Importer(815301076,1909f56bfc062723c751e8b465ee728b)
Start importing Assets/Materials/Logs_big.001.mat using Guid(d47582832a8f9634fac9ff5a44930c6a) Importer(815301076,1909f56bfc062723c751e8b465ee728b)  -> (artifact id: 'd14b972de1e098412dba6c6ef3939d98') in 0.018277 seconds 
  Import took 0.023743 seconds .

========================================================================
Received Import Request.
  Time since last request: 0.000442 seconds.
  path: Assets/Materials/door_glass.001.mat
  artifactKey: Guid(f6d6454750b63aa46a4d831aa3e5f3bb) Importer(815301076,1909f56bfc062723c751e8b465ee728b)
Start importing Assets/Materials/door_glass.001.mat using Guid(f6d6454750b63aa46a4d831aa3e5f3bb) Importer(815301076,1909f56bfc062723c751e8b465ee728b)  -> (artifact id: '1a53e305273915dfd10328b3785580f5') in 0.024503 seconds 
  Import took 0.030771 seconds .

========================================================================
Received Import Request.
  Time since last request: 10.005020 seconds.
  path: Assets/Materials/processed_wood_end.001.mat
  artifactKey: Guid(8ee684b529737d64d907b553dba1e5c9) Importer(815301076,1909f56bfc062723c751e8b465ee728b)
Start importing Assets/Materials/processed_wood_end.001.mat using Guid(8ee684b529737d64d907b553dba1e5c9) Importer(815301076,1909f56bfc062723c751e8b465ee728b)  -> (artifact id: '9baffa65f8c0da290027e2ebc5b9aa1c') in 0.023442 seconds 
  Import took 0.029819 seconds .

========================================================================
Received Import Request.
  Time since last request: 0.000572 seconds.
  path: Assets/Materials/stone_walls.003.mat
  artifactKey: Guid(b161d15b0a2aa3548843dc7e009ee745) Importer(815301076,1909f56bfc062723c751e8b465ee728b)
Start importing Assets/Materials/stone_walls.003.mat using Guid(b161d15b0a2aa3548843dc7e009ee745) Importer(815301076,1909f56bfc062723c751e8b465ee728b)  -> (artifact id: '58b17d08cd866610fb9d17c33757d459') in 0.024189 seconds 
  Import took 0.029479 seconds .

========================================================================
Received Import Request.
  Time since last request: 0.000527 seconds.
  path: Assets/Materials/TexturesCom_Roofing_Bitumen4_2K_albedo.mat
  artifactKey: Guid(c32d594fe2e70e2469528a1e7e4d5279) Importer(815301076,1909f56bfc062723c751e8b465ee728b)
Start importing Assets/Materials/TexturesCom_Roofing_Bitumen4_2K_albedo.mat using Guid(c32d594fe2e70e2469528a1e7e4d5279) Importer(815301076,1909f56bfc062723c751e8b465ee728b)  -> (artifact id: 'bd166325174887c250faccb7fb36ffe1') in 0.025903 seconds 
  Import took 0.031338 seconds .

========================================================================
Received Import Request.
  Time since last request: 0.000555 seconds.
  path: Assets/Materials/window_frame_v2.004.mat
  artifactKey: Guid(7d61101c49edb26488e344c7dba082b2) Importer(815301076,1909f56bfc062723c751e8b465ee728b)
Start importing Assets/Materials/window_frame_v2.004.mat using Guid(7d61101c49edb26488e344c7dba082b2) Importer(815301076,1909f56bfc062723c751e8b465ee728b)  -> (artifact id: 'af097f539e455881e47716db2d54802d') in 0.023649 seconds 
  Import took 0.029613 seconds .

========================================================================
Received Import Request.
  Time since last request: 0.000635 seconds.
  path: Assets/Materials/window_frame_medium.001.mat
  artifactKey: Guid(74c07db55eed2b54bb5dfce1ea2b8447) Importer(815301076,1909f56bfc062723c751e8b465ee728b)
Start importing Assets/Materials/window_frame_medium.001.mat using Guid(74c07db55eed2b54bb5dfce1ea2b8447) Importer(815301076,1909f56bfc062723c751e8b465ee728b)  -> (artifact id: '709f7bfba5d2aa87c0e9a785afee13c5') in 0.025360 seconds 
  Import took 0.032223 seconds .

========================================================================
Received Import Request.
  Time since last request: 0.000564 seconds.
  path: Assets/Materials/wood_boards.001.mat
  artifactKey: Guid(beadb4b729205f74ca87932b1bdf9bd5) Importer(815301076,1909f56bfc062723c751e8b465ee728b)
Start importing Assets/Materials/wood_boards.001.mat using Guid(beadb4b729205f74ca87932b1bdf9bd5) Importer(815301076,1909f56bfc062723c751e8b465ee728b)  -> (artifact id: '6040b3bad59d9d67b719bfaccc66959d') in 0.025177 seconds 
  Import took 0.030175 seconds .

========================================================================
Received Import Request.
  Time since last request: 0.000587 seconds.
  path: Assets/Materials/wood_boards_patio.001.mat
  artifactKey: Guid(72e242e183de7b44ebb9bc4e16c97620) Importer(815301076,1909f56bfc062723c751e8b465ee728b)
Start importing Assets/Materials/wood_boards_patio.001.mat using Guid(72e242e183de7b44ebb9bc4e16c97620) Importer(815301076,1909f56bfc062723c751e8b465ee728b)  -> (artifact id: '6e7cae9e1eb2ecf472d9bf198d3f2aa0') in 0.026179 seconds 
  Import took 0.031544 seconds .

========================================================================
Received Import Request.
  Time since last request: 0.000572 seconds.
  path: Assets/Materials/wood_boards_floor_second_story.001.mat
  artifactKey: Guid(c4a8755fe515f1441823d78ebda4c404) Importer(815301076,1909f56bfc062723c751e8b465ee728b)
Start importing Assets/Materials/wood_boards_floor_second_story.001.mat using Guid(c4a8755fe515f1441823d78ebda4c404) Importer(815301076,1909f56bfc062723c751e8b465ee728b)  -> (artifact id: '60a50dc50363ac3a994d84d066070329') in 0.025564 seconds 
  Import took 0.032088 seconds .

========================================================================
Received Import Request.
  Time since last request: 0.000407 seconds.
  path: Assets/Materials/wood_floor.mat
  artifactKey: Guid(db1cae3b43a136049809db492299cd24) Importer(815301076,1909f56bfc062723c751e8b465ee728b)
Start importing Assets/Materials/wood_floor.mat using Guid(db1cae3b43a136049809db492299cd24) Importer(815301076,1909f56bfc062723c751e8b465ee728b)  -> (artifact id: '1d46e0c28a135e001f47803f1f917bd1') in 0.026465 seconds 
  Import took 0.032118 seconds .

========================================================================
Received Import Request.
  Time since last request: 0.000531 seconds.
  path: Assets/Materials/window_frame_small.001.mat
  artifactKey: Guid(5559c0f769edefa43b3d3e83f85435f8) Importer(815301076,1909f56bfc062723c751e8b465ee728b)
Start importing Assets/Materials/window_frame_small.001.mat using Guid(5559c0f769edefa43b3d3e83f85435f8) Importer(815301076,1909f56bfc062723c751e8b465ee728b)  -> (artifact id: 'f305e3603a5c4875826d3134e0920928') in 0.026256 seconds 
  Import took 0.031621 seconds .

========================================================================
Received Import Request.
  Time since last request: 0.000516 seconds.
  path: Assets/Materials/wood_boards_floor.001.mat
  artifactKey: Guid(df1979a7e7abd294e82a40a1c8687bdb) Importer(815301076,1909f56bfc062723c751e8b465ee728b)
Start importing Assets/Materials/wood_boards_floor.001.mat using Guid(df1979a7e7abd294e82a40a1c8687bdb) Importer(815301076,1909f56bfc062723c751e8b465ee728b)  -> (artifact id: '3c562cb143883d5b9c05570c4dfe3d92') in 0.024818 seconds 
  Import took 0.030552 seconds .

========================================================================
Received Import Request.
  Time since last request: 0.000600 seconds.
  path: Assets/Materials/Shtora2.001.mat
  artifactKey: Guid(b7b2de68bad183f4d835a70398ef0cae) Importer(815301076,1909f56bfc062723c751e8b465ee728b)
Start importing Assets/Materials/Shtora2.001.mat using Guid(b7b2de68bad183f4d835a70398ef0cae) Importer(815301076,1909f56bfc062723c751e8b465ee728b)  -> (artifact id: 'c5aeba7d73bdd8a6f4e07c5fe6ca1ea5') in 0.025031 seconds 
  Import took 0.030923 seconds .

========================================================================
Received Import Request.
  Time since last request: 0.000549 seconds.
  path: Assets/Materials/sfknaeoa_4K_Albedo.mat
  artifactKey: Guid(e371f7f9563826e449057b2f4ed87bbb) Importer(815301076,1909f56bfc062723c751e8b465ee728b)
Start importing Assets/Materials/sfknaeoa_4K_Albedo.mat using Guid(e371f7f9563826e449057b2f4ed87bbb) Importer(815301076,1909f56bfc062723c751e8b465ee728b)  -> (artifact id: 'b97993c7c17e4ffe1dc301c233cd7084') in 0.023529 seconds 
  Import took 0.028639 seconds .

========================================================================
Received Import Request.
  Time since last request: 0.000482 seconds.
  path: Assets/Materials/wood_patio.003.mat
  artifactKey: Guid(eb4fdd7418b900c4d8e6db2e49e1ee60) Importer(815301076,1909f56bfc062723c751e8b465ee728b)
Start importing Assets/Materials/wood_patio.003.mat using Guid(eb4fdd7418b900c4d8e6db2e49e1ee60) Importer(815301076,1909f56bfc062723c751e8b465ee728b)  -> (artifact id: '475514ba003c29c8aedcd9fb57f58b52') in 0.026175 seconds 
  Import took 0.031691 seconds .

========================================================================
Received Import Request.
  Time since last request: 0.000482 seconds.
  path: Assets/Materials/wood_patio.001.mat
  artifactKey: Guid(c5140892d7811704cb4206ad2249f7b7) Importer(815301076,1909f56bfc062723c751e8b465ee728b)
Start importing Assets/Materials/wood_patio.001.mat using Guid(c5140892d7811704cb4206ad2249f7b7) Importer(815301076,1909f56bfc062723c751e8b465ee728b)  -> (artifact id: '49bc4aaf6e863ee5a1eb02824d9e7886') in 0.023606 seconds 
  Import took 0.028802 seconds .

========================================================================
Received Import Request.
  Time since last request: 0.000591 seconds.
  path: Assets/Materials/tmp1_jmxzus.mat
  artifactKey: Guid(e0ef506e24ad3ce4095f4973c142364f) Importer(815301076,1909f56bfc062723c751e8b465ee728b)
Start importing Assets/Materials/tmp1_jmxzus.mat using Guid(e0ef506e24ad3ce4095f4973c142364f) Importer(815301076,1909f56bfc062723c751e8b465ee728b)  -> (artifact id: 'fd4b000f045bec7d3b954b284ebd5420') in 0.024376 seconds 
  Import took 0.029946 seconds .

========================================================================
Received Import Request.
  Time since last request: 0.000580 seconds.
  path: Assets/Materials/stone_walls.002.mat
  artifactKey: Guid(6f86d142c073f3c4aa0a778d81207503) Importer(815301076,1909f56bfc062723c751e8b465ee728b)
Start importing Assets/Materials/stone_walls.002.mat using Guid(6f86d142c073f3c4aa0a778d81207503) Importer(815301076,1909f56bfc062723c751e8b465ee728b)  -> (artifact id: 'cbc862d4509fd1bc098832ce50281a58') in 0.023282 seconds 
  Import took 0.029516 seconds .

========================================================================
Received Import Request.
  Time since last request: 3.267347 seconds.
  path: Assets/Textures/galvanized steel.001_basecolor.png
  artifactKey: Guid(04c84ebf78c67c14ea108a70c6a410ef) Importer(815301076,1909f56bfc062723c751e8b465ee728b)
Start importing Assets/Textures/galvanized steel.001_basecolor.png using Guid(04c84ebf78c67c14ea108a70c6a410ef) Importer(815301076,1909f56bfc062723c751e8b465ee728b)  -> (artifact id: '381012490dc0d82dc8a7eb76a242dbba') in 0.035784 seconds 
  Import took 0.041661 seconds .

========================================================================
Received Import Request.
  Time since last request: 0.000582 seconds.
  path: Assets/Textures/Mossy_bark_02_4K_Roughness.png
  artifactKey: Guid(907450204c8dd8948a3d9effe8f16e1a) Importer(815301076,1909f56bfc062723c751e8b465ee728b)
Start importing Assets/Textures/Mossy_bark_02_4K_Roughness.png using Guid(907450204c8dd8948a3d9effe8f16e1a) Importer(815301076,1909f56bfc062723c751e8b465ee728b)  -> (artifact id: 'b91a20164089c4aae2fc92bf1934ff15') in 0.028431 seconds 
  Import took 0.033879 seconds .

========================================================================
Received Import Request.
  Time since last request: 0.000501 seconds.
  path: Assets/Textures/se4rwei_4K_Normal.jpeg
  artifactKey: Guid(8976ebb7d3a25ea45acf0d612f00696f) Importer(815301076,1909f56bfc062723c751e8b465ee728b)
Start importing Assets/Textures/se4rwei_4K_Normal.jpeg using Guid(8976ebb7d3a25ea45acf0d612f00696f) Importer(815301076,1909f56bfc062723c751e8b465ee728b)  -> (artifact id: 'f17c51a1e0e9a4ffa8c77822fdc78d27') in 0.020756 seconds 
  Import took 0.025764 seconds .

========================================================================
Received Import Request.
  Time since last request: 0.000555 seconds.
  path: Assets/Textures/TexturesCom_ConcretewPebbles_1x1_512_albedo.png
  artifactKey: Guid(ce0aec8b55e63e5498530192b4f352ba) Importer(815301076,1909f56bfc062723c751e8b465ee728b)
Start importing Assets/Textures/TexturesCom_ConcretewPebbles_1x1_512_albedo.png using Guid(ce0aec8b55e63e5498530192b4f352ba) Importer(815301076,1909f56bfc062723c751e8b465ee728b)  -> (artifact id: 'f8ddb7b0cab7818716fba24f16d3e306') in 0.028930 seconds 
  Import took 0.034468 seconds .

========================================================================
Received Import Request.
  Time since last request: 0.000556 seconds.
  path: Assets/Textures/TexturesCom_Concrete2_2x2_1K_normal.png
  artifactKey: Guid(c6b76056c2c76c541855bc12953968fb) Importer(815301076,1909f56bfc062723c751e8b465ee728b)
Start importing Assets/Textures/TexturesCom_Concrete2_2x2_1K_normal.png using Guid(c6b76056c2c76c541855bc12953968fb) Importer(815301076,1909f56bfc062723c751e8b465ee728b)  -> (artifact id: '135aaaf1ed47beb58c6ef7e946611712') in 0.025947 seconds 
  Import took 0.031790 seconds .

========================================================================
Received Import Request.
  Time since last request: 0.000552 seconds.
  path: Assets/Textures/sfknaeoa_4K_Albedo.jpeg
  artifactKey: Guid(2c1b4d264678e0243b3681c2079ae94b) Importer(815301076,1909f56bfc062723c751e8b465ee728b)
Start importing Assets/Textures/sfknaeoa_4K_Albedo.jpeg using Guid(2c1b4d264678e0243b3681c2079ae94b) Importer(815301076,1909f56bfc062723c751e8b465ee728b)  -> (artifact id: 'c5cb27282042cf8a03ecf85c00670e2e') in 0.024247 seconds 
  Import took 0.030302 seconds .

========================================================================
Received Import Request.
  Time since last request: 0.000537 seconds.
  path: Assets/Textures/galvanized steel.001_normal.png
  artifactKey: Guid(3694f11aeacbf6d4bb77542f27d9f651) Importer(815301076,1909f56bfc062723c751e8b465ee728b)
Start importing Assets/Textures/galvanized steel.001_normal.png using Guid(3694f11aeacbf6d4bb77542f27d9f651) Importer(815301076,1909f56bfc062723c751e8b465ee728b)  -> (artifact id: '4c73e7826d1223775566037e44633ad1') in 0.022039 seconds 
  Import took 0.027564 seconds .

========================================================================
Received Import Request.
  Time since last request: 0.000596 seconds.
  path: Assets/Textures/galvanized steel.001_roughness.png
  artifactKey: Guid(11278b76af1a8224eada80ca8a032d79) Importer(815301076,1909f56bfc062723c751e8b465ee728b)
Start importing Assets/Textures/galvanized steel.001_roughness.png using Guid(11278b76af1a8224eada80ca8a032d79) Importer(815301076,1909f56bfc062723c751e8b465ee728b)  -> (artifact id: 'fef523145b622c2e1edc62aa1ec64a1b') in 0.024806 seconds 
  Import took 0.030228 seconds .

========================================================================
Received Import Request.
  Time since last request: 0.930027 seconds.
  path: Assets/Textures/TexturesCom_ConcretewPebbles_1x1_512_roughness.png
  artifactKey: Guid(fc790c50bceac2d43bec996b5644911c) Importer(815301076,1909f56bfc062723c751e8b465ee728b)
Start importing Assets/Textures/TexturesCom_ConcretewPebbles_1x1_512_roughness.png using Guid(fc790c50bceac2d43bec996b5644911c) Importer(815301076,1909f56bfc062723c751e8b465ee728b)  -> (artifact id: 'b82b5f7af5236abd7031cb1228eaa18e') in 0.026509 seconds 
  Import took 0.034576 seconds .

========================================================================
Received Import Request.
  Time since last request: 0.000580 seconds.
  path: Assets/Textures/TexturesCom_Fabric_Cotton_512_normal.jpg
  artifactKey: Guid(dd761508d1666a04c8acd33d8affe446) Importer(815301076,1909f56bfc062723c751e8b465ee728b)
Start importing Assets/Textures/TexturesCom_Fabric_Cotton_512_normal.jpg using Guid(dd761508d1666a04c8acd33d8affe446) Importer(815301076,1909f56bfc062723c751e8b465ee728b)  -> (artifact id: '131411bad09ca812cbdc97fba5b455cc') in 0.025586 seconds 
  Import took 0.030690 seconds .

========================================================================
Received Import Request.
  Time since last request: 0.000633 seconds.
  path: Assets/Textures/TexturesCom_OldBeams_3x3_8K_albedo.jpeg
  artifactKey: Guid(0dc933bd2205ba8468911448509bcc79) Importer(815301076,1909f56bfc062723c751e8b465ee728b)
Start importing Assets/Textures/TexturesCom_OldBeams_3x3_8K_albedo.jpeg using Guid(0dc933bd2205ba8468911448509bcc79) Importer(815301076,1909f56bfc062723c751e8b465ee728b)  -> (artifact id: '3544220f97f2e4260ee1290acb773554') in 0.029495 seconds 
  Import took 0.034699 seconds .

========================================================================
Received Import Request.
  Time since last request: 0.000612 seconds.
  path: Assets/Textures/TexturesCom_OldBeams_3x3_4K_normal.png
  artifactKey: Guid(ead49237f76394849aa1bc2c52d53e22) Importer(815301076,1909f56bfc062723c751e8b465ee728b)
Start importing Assets/Textures/TexturesCom_OldBeams_3x3_4K_normal.png using Guid(ead49237f76394849aa1bc2c52d53e22) Importer(815301076,1909f56bfc062723c751e8b465ee728b)  -> (artifact id: 'bd23c8c8464b5f9ce59f10d30d7d3e85') in 0.022204 seconds 
  Import took 0.027277 seconds .

========================================================================
Received Import Request.
  Time since last request: 0.000498 seconds.
  path: Assets/Textures/TexturesCom_Fabric_Flannel3_512_albedo.jpg
  artifactKey: Guid(557255dbc75c048478a92aca931d9807) Importer(815301076,1909f56bfc062723c751e8b465ee728b)
Start importing Assets/Textures/TexturesCom_Fabric_Flannel3_512_albedo.jpg using Guid(557255dbc75c048478a92aca931d9807) Importer(815301076,1909f56bfc062723c751e8b465ee728b)  -> (artifact id: '2e6ad8caefa147d34d6c9174345266de') in 0.024167 seconds 
  Import took 0.029948 seconds .

========================================================================
Received Import Request.
  Time since last request: 0.000523 seconds.
  path: Assets/Textures/TexturesCom_OldBeams_3x3_4K_roughness.png
  artifactKey: Guid(ab0ea98a935e464409bc69fdd5a35629) Importer(815301076,1909f56bfc062723c751e8b465ee728b)
Start importing Assets/Textures/TexturesCom_OldBeams_3x3_4K_roughness.png using Guid(ab0ea98a935e464409bc69fdd5a35629) Importer(815301076,1909f56bfc062723c751e8b465ee728b)  -> (artifact id: 'a005529557aeb78a8038528fa97d19bf') in 0.023385 seconds 
  Import took 0.028737 seconds .

========================================================================
Received Import Request.
  Time since last request: 0.458485 seconds.
  path: Assets/Textures/TexturesCom_OldPlanks2_2x2_2K_albedo.png
  artifactKey: Guid(d405d5501e37217478aabbe943147431) Importer(815301076,1909f56bfc062723c751e8b465ee728b)
Start importing Assets/Textures/TexturesCom_OldPlanks2_2x2_2K_albedo.png using Guid(d405d5501e37217478aabbe943147431) Importer(815301076,1909f56bfc062723c751e8b465ee728b)  -> (artifact id: 'a530301acb37f61020f7c8a23ffb94f2') in 0.037816 seconds 
  Import took 0.045412 seconds .

========================================================================
Received Import Request.
  Time since last request: 0.000544 seconds.
  path: Assets/Textures/TexturesCom_OldPlanks2_2x2_2K_normal.png
  artifactKey: Guid(fba2b3155c42a2849a6b859a49bc93ae) Importer(815301076,1909f56bfc062723c751e8b465ee728b)
Start importing Assets/Textures/TexturesCom_OldPlanks2_2x2_2K_normal.png using Guid(fba2b3155c42a2849a6b859a49bc93ae) Importer(815301076,1909f56bfc062723c751e8b465ee728b)  -> (artifact id: '22554546ef125ee8e894a6bb283383c6') in 0.027748 seconds 
  Import took 0.033087 seconds .

========================================================================
Received Import Request.
  Time since last request: 0.000546 seconds.
  path: Assets/Textures/TexturesCom_OldPlanks_2x2_2K_albedo.png
  artifactKey: Guid(fd867521485390949a1cbb6ee3ef9d15) Importer(815301076,1909f56bfc062723c751e8b465ee728b)
Start importing Assets/Textures/TexturesCom_OldPlanks_2x2_2K_albedo.png using Guid(fd867521485390949a1cbb6ee3ef9d15) Importer(815301076,1909f56bfc062723c751e8b465ee728b)  -> (artifact id: '3292b23166f484514b720ea356e25e7d') in 0.023195 seconds 
  Import took 0.028335 seconds .

========================================================================
Received Import Request.
  Time since last request: 0.000494 seconds.
  path: Assets/Textures/TexturesCom_OldPlanks_2x2_1K_roughness.png
  artifactKey: Guid(d33d64d2d7f71b94b94b6a357ce8f019) Importer(815301076,1909f56bfc062723c751e8b465ee728b)
Start importing Assets/Textures/TexturesCom_OldPlanks_2x2_1K_roughness.png using Guid(d33d64d2d7f71b94b94b6a357ce8f019) Importer(815301076,1909f56bfc062723c751e8b465ee728b)  -> (artifact id: 'fae181a395a6c69419144c601d4c9216') in 0.022544 seconds 
  Import took 0.027900 seconds .

========================================================================
Received Import Request.
  Time since last request: 0.038733 seconds.
  path: Assets/Textures/TexturesCom_OldWoodPlanks_1024_normal.png
  artifactKey: Guid(4746bac435297f4439dde2a6e8ce1aec) Importer(815301076,1909f56bfc062723c751e8b465ee728b)
Start importing Assets/Textures/TexturesCom_OldWoodPlanks_1024_normal.png using Guid(4746bac435297f4439dde2a6e8ce1aec) Importer(815301076,1909f56bfc062723c751e8b465ee728b)  -> (artifact id: '13cff40afae82c75cc0632cd4f61d5c7') in 0.024628 seconds 
  Import took 0.030075 seconds .

========================================================================
Received Import Request.
  Time since last request: 0.000592 seconds.
  path: Assets/Textures/TexturesCom_Roofing_Bitumen4_2K_roughness.png
  artifactKey: Guid(ce510fda2e631e547a1061b2d3a690c2) Importer(815301076,1909f56bfc062723c751e8b465ee728b)
Start importing Assets/Textures/TexturesCom_Roofing_Bitumen4_2K_roughness.png using Guid(ce510fda2e631e547a1061b2d3a690c2) Importer(815301076,1909f56bfc062723c751e8b465ee728b)  -> (artifact id: '0a115003e6b587a0421cdadd361ade3e') in 0.029493 seconds 
  Import took 0.034965 seconds .

========================================================================
Received Import Request.
  Time since last request: 0.000454 seconds.
  path: Assets/Textures/TexturesCom_Roofing_Bitumen4_512_normal.jpg
  artifactKey: Guid(0b164d243b275f94c88be0e794a293d3) Importer(815301076,1909f56bfc062723c751e8b465ee728b)
Start importing Assets/Textures/TexturesCom_Roofing_Bitumen4_512_normal.jpg using Guid(0b164d243b275f94c88be0e794a293d3) Importer(815301076,1909f56bfc062723c751e8b465ee728b)  -> (artifact id: '5f43c303e70a0827573567c056b13605') in 0.025382 seconds 
  Import took 0.030432 seconds .

========================================================================
Received Import Request.
  Time since last request: 0.000465 seconds.
  path: Assets/Textures/TexturesCom_Roofing_Bitumen4_2K_albedo.png
  artifactKey: Guid(57bbf2ab35fc30d4c8d157859cc5e84d) Importer(815301076,1909f56bfc062723c751e8b465ee728b)
Start importing Assets/Textures/TexturesCom_Roofing_Bitumen4_2K_albedo.png using Guid(57bbf2ab35fc30d4c8d157859cc5e84d) Importer(815301076,1909f56bfc062723c751e8b465ee728b)  -> (artifact id: 'e82b0adf29363fe61d4ec1d0616618fa') in 0.021209 seconds 
  Import took 0.027536 seconds .

========================================================================
Received Import Request.
  Time since last request: 0.109937 seconds.
  path: Assets/Textures/TexturesCom_RoughWood_2x2_2K_albedo.png
  artifactKey: Guid(f7d096bacfb3f194bb061a32ac5ebfb8) Importer(815301076,1909f56bfc062723c751e8b465ee728b)
Start importing Assets/Textures/TexturesCom_RoughWood_2x2_2K_albedo.png using Guid(f7d096bacfb3f194bb061a32ac5ebfb8) Importer(815301076,1909f56bfc062723c751e8b465ee728b)  -> (artifact id: '84cafe8fcf7a9480479fb86147f95ef5') in 0.024659 seconds 
  Import took 0.029886 seconds .

========================================================================
Received Import Request.
  Time since last request: 0.000474 seconds.
  path: Assets/Textures/TexturesCom_RoughWood_2x2_2K_roughness.png
  artifactKey: Guid(ffdb097f47aa2834a966c2e85bf81199) Importer(815301076,1909f56bfc062723c751e8b465ee728b)
Start importing Assets/Textures/TexturesCom_RoughWood_2x2_2K_roughness.png using Guid(ffdb097f47aa2834a966c2e85bf81199) Importer(815301076,1909f56bfc062723c751e8b465ee728b)  -> (artifact id: '44c3e2867e1fd3fe09211519f263df0f') in 0.026173 seconds 
  Import took 0.031181 seconds .

========================================================================
Received Import Request.
  Time since last request: 0.000577 seconds.
  path: Assets/Textures/TexturesCom_RoughWood_2x2_2K_normal.png
  artifactKey: Guid(6064d7647cd07dd4ca8d14d2b9a2f44b) Importer(815301076,1909f56bfc062723c751e8b465ee728b)
Start importing Assets/Textures/TexturesCom_RoughWood_2x2_2K_normal.png using Guid(6064d7647cd07dd4ca8d14d2b9a2f44b) Importer(815301076,1909f56bfc062723c751e8b465ee728b)  -> (artifact id: 'b929d1aed99df65ee545bb6837ea02f7') in 0.022088 seconds 
  Import took 0.027439 seconds .

========================================================================
Received Import Request.
  Time since last request: 0.000490 seconds.
  path: Assets/Textures/TexturesCom_TreeBark_512_normal.jpg
  artifactKey: Guid(ddaa8199634393a4eac89bbc0583645f) Importer(815301076,1909f56bfc062723c751e8b465ee728b)
Start importing Assets/Textures/TexturesCom_TreeBark_512_normal.jpg using Guid(ddaa8199634393a4eac89bbc0583645f) Importer(815301076,1909f56bfc062723c751e8b465ee728b)  -> (artifact id: '96c33b367336f027bbced9825a0830ae') in 0.024867 seconds 
  Import took 0.030082 seconds .

========================================================================
Received Import Request.
  Time since last request: 0.000504 seconds.
  path: Assets/Textures/TexturesCom_Wall_Cobblestone_3x3_1K_normal.png
  artifactKey: Guid(dc747cb34ea6bfb43a409c3f916cbcec) Importer(815301076,1909f56bfc062723c751e8b465ee728b)
Start importing Assets/Textures/TexturesCom_Wall_Cobblestone_3x3_1K_normal.png using Guid(dc747cb34ea6bfb43a409c3f916cbcec) Importer(815301076,1909f56bfc062723c751e8b465ee728b)  -> (artifact id: '476ec5cb4fe761796483b8816dd9c20f') in 0.023209 seconds 
  Import took 0.029079 seconds .

========================================================================
Received Import Request.
  Time since last request: 0.000440 seconds.
  path: Assets/Textures/TexturesCom_TreeBark_1024_albedo.png
  artifactKey: Guid(f5e3f6932e1e82c4fa6646cd498b984c) Importer(815301076,1909f56bfc062723c751e8b465ee728b)
Start importing Assets/Textures/TexturesCom_TreeBark_1024_albedo.png using Guid(f5e3f6932e1e82c4fa6646cd498b984c) Importer(815301076,1909f56bfc062723c751e8b465ee728b)  -> (artifact id: 'd3060018d279c506b706c3159e26759e') in 0.023964 seconds 
  Import took 0.030235 seconds .

========================================================================
Received Import Request.
  Time since last request: 0.000558 seconds.
  path: Assets/Textures/TexturesCom_Wall_Cobblestone_3x3_2K_albedo.png
  artifactKey: Guid(0f7cf48b1496ea247b9b664371457c3d) Importer(815301076,1909f56bfc062723c751e8b465ee728b)
Start importing Assets/Textures/TexturesCom_Wall_Cobblestone_3x3_2K_albedo.png using Guid(0f7cf48b1496ea247b9b664371457c3d) Importer(815301076,1909f56bfc062723c751e8b465ee728b)  -> (artifact id: '3515a4da4f14698b6115607e1d072b26') in 0.024392 seconds 
  Import took 0.029980 seconds .

========================================================================
Received Import Request.
  Time since last request: 0.000474 seconds.
  path: Assets/Textures/TexturesCom_Wall_Cobblestone_3x3_1K_roughness.png
  artifactKey: Guid(e42f7636eed43ab4d9d70c2d3d1e69e6) Importer(815301076,1909f56bfc062723c751e8b465ee728b)
Start importing Assets/Textures/TexturesCom_Wall_Cobblestone_3x3_1K_roughness.png using Guid(e42f7636eed43ab4d9d70c2d3d1e69e6) Importer(815301076,1909f56bfc062723c751e8b465ee728b)  -> (artifact id: '46fe9457c5e417c49f3347e0b71095c7') in 0.026495 seconds 
  Import took 0.031549 seconds .

========================================================================
Received Import Request.
  Time since last request: 0.108778 seconds.
  path: Assets/Textures/TexturesCom_WoodEnds0019_2_M.jpeg
  artifactKey: Guid(a4fb2166283c7d745ad27786fa1521f2) Importer(815301076,1909f56bfc062723c751e8b465ee728b)
Start importing Assets/Textures/TexturesCom_WoodEnds0019_2_M.jpeg using Guid(a4fb2166283c7d745ad27786fa1521f2) Importer(815301076,1909f56bfc062723c751e8b465ee728b)  -> (artifact id: '807539893581af78b6c00c3d0d09ddcf') in 0.022268 seconds 
  Import took 0.029160 seconds .

========================================================================
Received Import Request.
  Time since last request: 0.000554 seconds.
  path: Assets/Textures/TexturesCom_WoodEnds0088_9_seamless_L.jpeg
  artifactKey: Guid(78c60495694af5f46ae87cb1c0c92699) Importer(815301076,1909f56bfc062723c751e8b465ee728b)
Start importing Assets/Textures/TexturesCom_WoodEnds0088_9_seamless_L.jpeg using Guid(78c60495694af5f46ae87cb1c0c92699) Importer(815301076,1909f56bfc062723c751e8b465ee728b)  -> (artifact id: '3c952615c6c150038bbd5c5d410b65a1') in 0.024542 seconds 
  Import took 0.030578 seconds .

========================================================================
Received Import Request.
  Time since last request: 0.000565 seconds.
  path: Assets/Textures/TexturesCom_WoodEnds0088_9_seamless_L_normal.jpeg
  artifactKey: Guid(3c103d7683d8fc54da952e49888d93f3) Importer(815301076,1909f56bfc062723c751e8b465ee728b)
Start importing Assets/Textures/TexturesCom_WoodEnds0088_9_seamless_L_normal.jpeg using Guid(3c103d7683d8fc54da952e49888d93f3) Importer(815301076,1909f56bfc062723c751e8b465ee728b)  -> (artifact id: '659c02fbd72bd8a73e340e104c486e3c') in 0.025037 seconds 
  Import took 0.030136 seconds .

========================================================================
Received Import Request.
  Time since last request: 0.000554 seconds.
  path: Assets/Textures/TexturesCom_WoodEnds0019_2_M_normal.jpeg
  artifactKey: Guid(fb72308c9bc33d047b8300b3e7e46432) Importer(815301076,1909f56bfc062723c751e8b465ee728b)
Start importing Assets/Textures/TexturesCom_WoodEnds0019_2_M_normal.jpeg using Guid(fb72308c9bc33d047b8300b3e7e46432) Importer(815301076,1909f56bfc062723c751e8b465ee728b)  -> (artifact id: '0eb7818b2f5c119b08494053ebebd85a') in 0.021217 seconds 
  Import took 0.026861 seconds .

========================================================================
Received Import Request.
  Time since last request: 23.878956 seconds.
  path: Assets/Textures
  artifactKey: Guid(332cd27becbc9fb44bc7df9919819a09) Importer(815301076,1909f56bfc062723c751e8b465ee728b)
Start importing Assets/Textures using Guid(332cd27becbc9fb44bc7df9919819a09) Importer(815301076,1909f56bfc062723c751e8b465ee728b)  -> (artifact id: 'b70d30a9c8cc2d2eb1f2625f4c8d670a') in 0.011168 seconds 
  Import took 0.016727 seconds .

AssetImportWorkerClient::OnTransportError - code=2 error=End of file
